#
# There is insufficient memory for the Java Runtime Environment to continue.
# Native memory allocation (malloc) failed to allocate 1460464 bytes. Error detail: Chunk::new
# Possible reasons:
#   The system is out of physical RAM or swap space
#   This process is running with CompressedOops enabled, and the Java Heap may be blocking the growth of the native heap
# Possible solutions:
#   Reduce memory load on the system
#   Increase physical memory or swap space
#   Check if swap backing store is full
#   Decrease Java heap size (-Xmx/-Xms)
#   Decrease number of Java threads
#   Decrease Java thread stack sizes (-Xss)
#   Set larger code cache with -XX:ReservedCodeCacheSize=
#   JVM is running with Unscaled Compressed Oops mode in which the Java heap is
#     placed in the first 4GB address space. The Java Heap base address is the
#     maximum limit for the native heap growth. Please use -XX:HeapBaseMinAddress
#     to set the Java Heap base and to place the Java Heap above 4GB virtual address.
# This output file may be truncated or incomplete.
#
#  Out of Memory Error (arena.cpp:149), pid=14872, tid=11712
#
# JRE version: Java(TM) SE Runtime Environment (23.0.1+11) (build 23.0.1+11-39)
# Java VM: Java HotSpot(TM) 64-Bit Server VM (23.0.1+11-39, mixed mode, sharing, tiered, compressed oops, compressed class ptrs, g1 gc, windows-amd64)
# No core dump will be written. Minidumps are not enabled by default on client versions of Windows
#

---------------  S U M M A R Y ------------

Command Line: -XX:MaxMetaspaceSize=512m --add-opens=java.base/java.util=ALL-UNNAMED --add-opens=java.base/java.lang=ALL-UNNAMED --add-opens=java.base/java.lang.invoke=ALL-UNNAMED --add-opens=java.prefs/java.util.prefs=ALL-UNNAMED --add-exports=jdk.compiler/com.sun.tools.javac.api=ALL-UNNAMED --add-exports=jdk.compiler/com.sun.tools.javac.util=ALL-UNNAMED --add-opens=java.base/java.nio.charset=ALL-UNNAMED --add-opens=java.base/java.net=ALL-UNNAMED --add-opens=java.base/java.util.concurrent.atomic=ALL-UNNAMED -Xmx2048m -Dfile.encoding=UTF-8 -Duser.country=IN -Duser.language=en -Duser.variant -javaagent:C:\Users\sahil\.gradle\wrapper\dists\gradle-8.10.2-all\7iv73wktx1xtkvlq19urqw1wm\gradle-8.10.2\lib\agents\gradle-instrumentation-agent-8.10.2.jar org.gradle.launcher.daemon.bootstrap.GradleDaemon 8.10.2

Host: 12th Gen Intel(R) Core(TM) i5-12500H, 16 cores, 15G,  Windows 11 , 64 bit Build 26100 (10.0.26100.3323)
Time: Wed Mar 12 20:49:30 2025 India Standard Time elapsed time: 4.756677 seconds (0d 0h 0m 4s)

---------------  T H R E A D  ---------------

Current thread (0x0000022ff4a218a0):  JavaThread "C2 CompilerThread2" daemon [_thread_in_native, id=11712, stack(0x0000009ef9400000,0x0000009ef9500000) (1024K)]


Current CompileTask:
C2:4756 3250   !   4       java.net.URLClassLoader::findClass (47 bytes)

Stack: [0x0000009ef9400000,0x0000009ef9500000]
Native frames: (J=compiled Java code, j=interpreted, Vv=VM code, C=native code)
V  [jvm.dll+0x6e08b9]  (no source info available)
V  [jvm.dll+0x87dc83]  (no source info available)
V  [jvm.dll+0x88010e]  (no source info available)
V  [jvm.dll+0x8807e3]  (no source info available)
V  [jvm.dll+0x27aee6]  (no source info available)
V  [jvm.dll+0xbc06f]  (no source info available)
V  [jvm.dll+0xbc2cb]  (no source info available)
V  [jvm.dll+0x3b3a9c]  (no source info available)
V  [jvm.dll+0x1dc19c]  (no source info available)
V  [jvm.dll+0x244be5]  (no source info available)
V  [jvm.dll+0x243dff]  (no source info available)
V  [jvm.dll+0x1c33a0]  (no source info available)
V  [jvm.dll+0x253cf1]  (no source info available)
V  [jvm.dll+0x251faa]  (no source info available)
V  [jvm.dll+0x3ee036]  (no source info available)
V  [jvm.dll+0x824f8b]  (no source info available)
V  [jvm.dll+0x6df065]  (no source info available)
C  [ucrtbase.dll+0x37b0]  (no source info available)
C  [KERNEL32.DLL+0x2e8d7]  (no source info available)
C  [ntdll.dll+0xbbf6c]  (no source info available)

Lock stack of current Java thread (top to bottom):


---------------  P R O C E S S  ---------------

Threads class SMR info:
_java_thread_list=0x0000022ff36bd430, length=29, elements={
0x0000022fb24cd790, 0x0000022fd15c3610, 0x0000022fd15c4270, 0x0000022fd15ccf60,
0x0000022fd15cd9c0, 0x0000022fd15ce830, 0x0000022fd15d92b0, 0x0000022fd224b030,
0x0000022fd15d9d10, 0x0000022fd235fb40, 0x0000022fd236eee0, 0x0000022fd23b8580,
0x0000022fd24f3520, 0x0000022fd2743bb0, 0x0000022ff31afd30, 0x0000022ff32cfaa0,
0x0000022ff331c620, 0x0000022ff331ed80, 0x0000022ff331e060, 0x0000022ff331ccb0,
0x0000022ff331b900, 0x0000022ff331bf90, 0x0000022ff331e6f0, 0x0000022ff331d340,
0x0000022ff3621230, 0x0000022ff3620510, 0x0000022ff3623990, 0x0000022ff3624020,
0x0000022ff4a218a0
}

Java Threads: ( => current thread )
  0x0000022fb24cd790 JavaThread "main"                              [_thread_blocked, id=13452, stack(0x0000009ef6b00000,0x0000009ef6c00000) (1024K)]
  0x0000022fd15c3610 JavaThread "Reference Handler"          daemon [_thread_blocked, id=22588, stack(0x0000009ef7300000,0x0000009ef7400000) (1024K)]
  0x0000022fd15c4270 JavaThread "Finalizer"                  daemon [_thread_blocked, id=10148, stack(0x0000009ef7400000,0x0000009ef7500000) (1024K)]
  0x0000022fd15ccf60 JavaThread "Signal Dispatcher"          daemon [_thread_blocked, id=21004, stack(0x0000009ef7500000,0x0000009ef7600000) (1024K)]
  0x0000022fd15cd9c0 JavaThread "Attach Listener"            daemon [_thread_blocked, id=20992, stack(0x0000009ef7600000,0x0000009ef7700000) (1024K)]
  0x0000022fd15ce830 JavaThread "Service Thread"             daemon [_thread_blocked, id=7180, stack(0x0000009ef7700000,0x0000009ef7800000) (1024K)]
  0x0000022fd15d92b0 JavaThread "Monitor Deflation Thread"   daemon [_thread_blocked, id=21096, stack(0x0000009ef7800000,0x0000009ef7900000) (1024K)]
  0x0000022fd224b030 JavaThread "C2 CompilerThread0"         daemon [_thread_blocked, id=6744, stack(0x0000009ef7900000,0x0000009ef7a00000) (1024K)]
  0x0000022fd15d9d10 JavaThread "C1 CompilerThread0"         daemon [_thread_blocked, id=21500, stack(0x0000009ef7a00000,0x0000009ef7b00000) (1024K)]
  0x0000022fd235fb40 JavaThread "Common-Cleaner"             daemon [_thread_blocked, id=18028, stack(0x0000009ef7b00000,0x0000009ef7c00000) (1024K)]
  0x0000022fd236eee0 JavaThread "C1 CompilerThread1"         daemon [_thread_blocked, id=21628, stack(0x0000009ef7c00000,0x0000009ef7d00000) (1024K)]
  0x0000022fd23b8580 JavaThread "C2 CompilerThread1"         daemon [_thread_blocked, id=22656, stack(0x0000009ef7f00000,0x0000009ef8000000) (1024K)]
  0x0000022fd24f3520 JavaThread "Notification Thread"        daemon [_thread_blocked, id=22664, stack(0x0000009ef8000000,0x0000009ef8100000) (1024K)]
  0x0000022fd2743bb0 JavaThread "C1 CompilerThread2"         daemon [_thread_blocked, id=3336, stack(0x0000009ef7d00000,0x0000009ef7e00000) (1024K)]
  0x0000022ff31afd30 JavaThread "Daemon health stats"               [_thread_blocked, id=4568, stack(0x0000009ef8200000,0x0000009ef8300000) (1024K)]
  0x0000022ff32cfaa0 JavaThread "Incoming local TCP Connector on port 50382"        [_thread_in_native, id=20020, stack(0x0000009ef8300000,0x0000009ef8400000) (1024K)]
  0x0000022ff331c620 JavaThread "Daemon periodic checks"            [_thread_blocked, id=25784, stack(0x0000009ef8900000,0x0000009ef8a00000) (1024K)]
  0x0000022ff331ed80 JavaThread "Daemon"                            [_thread_blocked, id=25840, stack(0x0000009ef8a00000,0x0000009ef8b00000) (1024K)]
  0x0000022ff331e060 JavaThread "Handler for socket connection from /127.0.0.1:50382 to /127.0.0.1:50383"        [_thread_in_native, id=25872, stack(0x0000009ef8b00000,0x0000009ef8c00000) (1024K)]
  0x0000022ff331ccb0 JavaThread "Cancel handler"                    [_thread_blocked, id=14172, stack(0x0000009ef8c00000,0x0000009ef8d00000) (1024K)]
  0x0000022ff331b900 JavaThread "Daemon worker"                     [_thread_in_native, id=6728, stack(0x0000009ef8d00000,0x0000009ef8e00000) (1024K)]
  0x0000022ff331bf90 JavaThread "Asynchronous log dispatcher for DefaultDaemonConnection: socket connection from /127.0.0.1:50382 to /127.0.0.1:50383"        [_thread_blocked, id=21084, stack(0x0000009ef8e00000,0x0000009ef8f00000) (1024K)]
  0x0000022ff331e6f0 JavaThread "Stdin handler"                     [_thread_blocked, id=26504, stack(0x0000009ef8f00000,0x0000009ef9000000) (1024K)]
  0x0000022ff331d340 JavaThread "Daemon client event forwarder"        [_thread_blocked, id=8596, stack(0x0000009ef9000000,0x0000009ef9100000) (1024K)]
  0x0000022ff3621230 JavaThread "Cache worker for journal cache (C:\Users\sahil\.gradle\caches\journal-1)"        [_thread_blocked, id=3024, stack(0x0000009ef9100000,0x0000009ef9200000) (1024K)]
  0x0000022ff3620510 JavaThread "File lock request listener"        [_thread_in_native, id=26108, stack(0x0000009ef9200000,0x0000009ef9300000) (1024K)]
  0x0000022ff3623990 JavaThread "Cache worker for file hash cache (C:\Users\sahil\.gradle\caches\8.10.2\fileHashes)"        [_thread_blocked, id=26184, stack(0x0000009ef8100000,0x0000009ef8200000) (1024K)]
  0x0000022ff3624020 JavaThread "File lock release action executor"        [_thread_blocked, id=3544, stack(0x0000009ef9300000,0x0000009ef9400000) (1024K)]
=>0x0000022ff4a218a0 JavaThread "C2 CompilerThread2"         daemon [_thread_in_native, id=11712, stack(0x0000009ef9400000,0x0000009ef9500000) (1024K)]
Total: 29

Other Threads:
  0x0000022fd15aa500 VMThread "VM Thread"                           [id=22604, stack(0x0000009ef7200000,0x0000009ef7300000) (1024K)]
  0x0000022fd2220090 WatcherThread "VM Periodic Task Thread"        [id=22616, stack(0x0000009ef7100000,0x0000009ef7200000) (1024K)]
  0x0000022fb48816b0 WorkerThread "GC Thread#0"                     [id=23532, stack(0x0000009ef6c00000,0x0000009ef6d00000) (1024K)]
  0x0000022ff20e92f0 WorkerThread "GC Thread#1"                     [id=23376, stack(0x0000009ef8400000,0x0000009ef8500000) (1024K)]
  0x0000022ff20e96a0 WorkerThread "GC Thread#2"                     [id=23332, stack(0x0000009ef8500000,0x0000009ef8600000) (1024K)]
  0x0000022fd2818640 WorkerThread "GC Thread#3"                     [id=3912, stack(0x0000009ef8600000,0x0000009ef8700000) (1024K)]
  0x0000022fd2818e00 WorkerThread "GC Thread#4"                     [id=23328, stack(0x0000009ef8700000,0x0000009ef8800000) (1024K)]
  0x0000022fd2841e30 WorkerThread "GC Thread#5"                     [id=22436, stack(0x0000009ef8800000,0x0000009ef8900000) (1024K)]
  0x0000022ff3113ea0 WorkerThread "GC Thread#6"                     [id=17920, stack(0x0000009ef9500000,0x0000009ef9600000) (1024K)]
  0x0000022ff3113af0 WorkerThread "GC Thread#7"                     [id=11584, stack(0x0000009ef9600000,0x0000009ef9700000) (1024K)]
  0x0000022ff51955d0 WorkerThread "GC Thread#8"                     [id=26204, stack(0x0000009ef9700000,0x0000009ef9800000) (1024K)]
  0x0000022ff5195220 WorkerThread "GC Thread#9"                     [id=2300, stack(0x0000009ef9800000,0x0000009ef9900000) (1024K)]
  0x0000022ff5196840 WorkerThread "GC Thread#10"                    [id=26264, stack(0x0000009ef9900000,0x0000009ef9a00000) (1024K)]
  0x0000022ff5197ab0 WorkerThread "GC Thread#11"                    [id=26268, stack(0x0000009ef9a00000,0x0000009ef9b00000) (1024K)]
  0x0000022ff5198210 WorkerThread "GC Thread#12"                    [id=26272, stack(0x0000009ef9b00000,0x0000009ef9c00000) (1024K)]
  0x0000022fb4896610 ConcurrentGCThread "G1 Main Marker"            [id=24204, stack(0x0000009ef6d00000,0x0000009ef6e00000) (1024K)]
  0x0000022fb4898ec0 WorkerThread "G1 Conc#0"                       [id=21568, stack(0x0000009ef6e00000,0x0000009ef6f00000) (1024K)]
  0x0000022fb48dead0 ConcurrentGCThread "G1 Refine#0"               [id=21664, stack(0x0000009ef6f00000,0x0000009ef7000000) (1024K)]
  0x0000022fd14e96e0 ConcurrentGCThread "G1 Service"                [id=18312, stack(0x0000009ef7000000,0x0000009ef7100000) (1024K)]
Total: 19

Threads with active compile tasks:
C2 CompilerThread2  4797 3250   !   4       java.net.URLClassLoader::findClass (47 bytes)
Total: 1

VM state: not at safepoint (normal execution)

VM Mutex/Monitor currently owned by a thread: None

Heap address: 0x0000000080000000, size: 2048 MB, Compressed Oops mode: 32-bit

CDS archive(s) mapped at: [0x0000022fd3000000-0x0000022fd3d70000-0x0000022fd3d70000), size 14090240, SharedBaseAddress: 0x0000022fd3000000, ArchiveRelocationMode: 1.
Compressed class space mapped at: 0x0000022fd4000000-0x0000022fee000000, reserved size: 436207616
Narrow klass base: 0x0000022fd3000000, Narrow klass shift: 0, Narrow klass range: 0x1b000000

GC Precious Log:
 CardTable entry size: 512
 Card Set container configuration: InlinePtr #cards 5 size 8 Array Of Cards #cards 10 size 36 Howl #buckets 4 coarsen threshold 1843 Howl Bitmap #cards 512 size 80 coarsen threshold 460 Card regions per heap region 1 cards per card region 2048
 CPUs: 16 total, 16 available
 Memory: 16068M
 Large Page Support: Disabled
 NUMA Support: Disabled
 Compressed Oops: Enabled (32-bit)
 Heap Region Size: 1M
 Heap Min Capacity: 8M
 Heap Initial Capacity: 252M
 Heap Max Capacity: 2G
 Pre-touch: Disabled
 Parallel Workers: 13
 Concurrent Workers: 3
 Concurrent Refinement Workers: 13
 Periodic GC: Disabled

Heap:
 garbage-first heap   total reserved 2097152K, committed 258048K, used 37452K [0x0000000080000000, 0x0000000100000000)
  region size 1024K, 24 young (24576K), 9 survivors (9216K)
 Metaspace       used 19109K, committed 19776K, reserved 491520K
  class space    used 2789K, committed 3072K, reserved 425984K

Heap Regions: E=young(eden), S=young(survivor), O=old, HS=humongous(starts), HC=humongous(continues), CS=collection set, F=free, TAMS=top-at-mark-start, PB=parsable bottom
|   0|0x0000000080000000, 0x0000000080100000, 0x0000000080100000|100%| O|  |TAMS 0x0000000080000000| PB 0x0000000080000000| Untracked |  0
|   1|0x0000000080100000, 0x0000000080200000, 0x0000000080200000|100%| O|  |TAMS 0x0000000080100000| PB 0x0000000080100000| Untracked |  0
|   2|0x0000000080200000, 0x0000000080300000, 0x0000000080300000|100%| O|  |TAMS 0x0000000080200000| PB 0x0000000080200000| Untracked |  0
|   3|0x0000000080300000, 0x0000000080400000, 0x0000000080400000|100%|HS|  |TAMS 0x0000000080300000| PB 0x0000000080300000| Complete |  0
|   4|0x0000000080400000, 0x0000000080500000, 0x0000000080500000|100%|HC|  |TAMS 0x0000000080400000| PB 0x0000000080400000| Complete |  0
|   5|0x0000000080500000, 0x0000000080600000, 0x0000000080600000|100%|HC|  |TAMS 0x0000000080500000| PB 0x0000000080500000| Complete |  0
|   6|0x0000000080600000, 0x0000000080700000, 0x0000000080700000|100%|HC|  |TAMS 0x0000000080600000| PB 0x0000000080600000| Complete |  0
|   7|0x0000000080700000, 0x0000000080800000, 0x0000000080800000|100%| O|  |TAMS 0x0000000080700000| PB 0x0000000080700000| Untracked |  0
|   8|0x0000000080800000, 0x0000000080900000, 0x0000000080900000|100%| O|  |TAMS 0x0000000080800000| PB 0x0000000080800000| Untracked |  0
|   9|0x0000000080900000, 0x0000000080a00000, 0x0000000080a00000|100%| O|  |TAMS 0x0000000080900000| PB 0x0000000080900000| Untracked |  0
|  10|0x0000000080a00000, 0x0000000080b00000, 0x0000000080b00000|100%|HS|  |TAMS 0x0000000080a00000| PB 0x0000000080a00000| Complete |  0
|  11|0x0000000080b00000, 0x0000000080c00000, 0x0000000080c00000|100%| O|  |TAMS 0x0000000080b00000| PB 0x0000000080b00000| Untracked |  0
|  12|0x0000000080c00000, 0x0000000080d00000, 0x0000000080d00000|100%| O|  |TAMS 0x0000000080c00000| PB 0x0000000080c00000| Untracked |  0
|  13|0x0000000080d00000, 0x0000000080d93030, 0x0000000080e00000| 57%| O|  |TAMS 0x0000000080d00000| PB 0x0000000080d00000| Untracked |  0
|  14|0x0000000080e00000, 0x0000000080e00000, 0x0000000080f00000|  0%| F|  |TAMS 0x0000000080e00000| PB 0x0000000080e00000| Untracked |  0
|  15|0x0000000080f00000, 0x0000000080f00000, 0x0000000081000000|  0%| F|  |TAMS 0x0000000080f00000| PB 0x0000000080f00000| Untracked |  0
|  16|0x0000000081000000, 0x0000000081000000, 0x0000000081100000|  0%| F|  |TAMS 0x0000000081000000| PB 0x0000000081000000| Untracked |  0
|  17|0x0000000081100000, 0x0000000081100000, 0x0000000081200000|  0%| F|  |TAMS 0x0000000081100000| PB 0x0000000081100000| Untracked |  0
|  18|0x0000000081200000, 0x0000000081200000, 0x0000000081300000|  0%| F|  |TAMS 0x0000000081200000| PB 0x0000000081200000| Untracked |  0
|  19|0x0000000081300000, 0x0000000081300000, 0x0000000081400000|  0%| F|  |TAMS 0x0000000081300000| PB 0x0000000081300000| Untracked |  0
|  20|0x0000000081400000, 0x0000000081400000, 0x0000000081500000|  0%| F|  |TAMS 0x0000000081400000| PB 0x0000000081400000| Untracked |  0
|  21|0x0000000081500000, 0x0000000081500000, 0x0000000081600000|  0%| F|  |TAMS 0x0000000081500000| PB 0x0000000081500000| Untracked |  0
|  22|0x0000000081600000, 0x0000000081600000, 0x0000000081700000|  0%| F|  |TAMS 0x0000000081600000| PB 0x0000000081600000| Untracked |  0
|  23|0x0000000081700000, 0x0000000081700000, 0x0000000081800000|  0%| F|  |TAMS 0x0000000081700000| PB 0x0000000081700000| Untracked |  0
|  24|0x0000000081800000, 0x0000000081800000, 0x0000000081900000|  0%| F|  |TAMS 0x0000000081800000| PB 0x0000000081800000| Untracked |  0
|  25|0x0000000081900000, 0x0000000081900000, 0x0000000081a00000|  0%| F|  |TAMS 0x0000000081900000| PB 0x0000000081900000| Untracked |  0
|  26|0x0000000081a00000, 0x0000000081a00000, 0x0000000081b00000|  0%| F|  |TAMS 0x0000000081a00000| PB 0x0000000081a00000| Untracked |  0
|  27|0x0000000081b00000, 0x0000000081b00000, 0x0000000081c00000|  0%| F|  |TAMS 0x0000000081b00000| PB 0x0000000081b00000| Untracked |  0
|  28|0x0000000081c00000, 0x0000000081c00000, 0x0000000081d00000|  0%| F|  |TAMS 0x0000000081c00000| PB 0x0000000081c00000| Untracked |  0
|  29|0x0000000081d00000, 0x0000000081d00000, 0x0000000081e00000|  0%| F|  |TAMS 0x0000000081d00000| PB 0x0000000081d00000| Untracked |  0
|  30|0x0000000081e00000, 0x0000000081e00000, 0x0000000081f00000|  0%| F|  |TAMS 0x0000000081e00000| PB 0x0000000081e00000| Untracked |  0
|  31|0x0000000081f00000, 0x0000000081f00000, 0x0000000082000000|  0%| F|  |TAMS 0x0000000081f00000| PB 0x0000000081f00000| Untracked |  0
|  32|0x0000000082000000, 0x0000000082000000, 0x0000000082100000|  0%| F|  |TAMS 0x0000000082000000| PB 0x0000000082000000| Untracked |  0
|  33|0x0000000082100000, 0x0000000082100000, 0x0000000082200000|  0%| F|  |TAMS 0x0000000082100000| PB 0x0000000082100000| Untracked |  0
|  34|0x0000000082200000, 0x0000000082200000, 0x0000000082300000|  0%| F|  |TAMS 0x0000000082200000| PB 0x0000000082200000| Untracked |  0
|  35|0x0000000082300000, 0x0000000082300000, 0x0000000082400000|  0%| F|  |TAMS 0x0000000082300000| PB 0x0000000082300000| Untracked |  0
|  36|0x0000000082400000, 0x0000000082400000, 0x0000000082500000|  0%| F|  |TAMS 0x0000000082400000| PB 0x0000000082400000| Untracked |  0
|  37|0x0000000082500000, 0x0000000082500000, 0x0000000082600000|  0%| F|  |TAMS 0x0000000082500000| PB 0x0000000082500000| Untracked |  0
|  38|0x0000000082600000, 0x0000000082600000, 0x0000000082700000|  0%| F|  |TAMS 0x0000000082600000| PB 0x0000000082600000| Untracked |  0
|  39|0x0000000082700000, 0x0000000082700000, 0x0000000082800000|  0%| F|  |TAMS 0x0000000082700000| PB 0x0000000082700000| Untracked |  0
|  40|0x0000000082800000, 0x0000000082800000, 0x0000000082900000|  0%| F|  |TAMS 0x0000000082800000| PB 0x0000000082800000| Untracked |  0
|  41|0x0000000082900000, 0x0000000082900000, 0x0000000082a00000|  0%| F|  |TAMS 0x0000000082900000| PB 0x0000000082900000| Untracked |  0
|  42|0x0000000082a00000, 0x0000000082a00000, 0x0000000082b00000|  0%| F|  |TAMS 0x0000000082a00000| PB 0x0000000082a00000| Untracked |  0
|  43|0x0000000082b00000, 0x0000000082b00000, 0x0000000082c00000|  0%| F|  |TAMS 0x0000000082b00000| PB 0x0000000082b00000| Untracked |  0
|  44|0x0000000082c00000, 0x0000000082c00000, 0x0000000082d00000|  0%| F|  |TAMS 0x0000000082c00000| PB 0x0000000082c00000| Untracked |  0
|  45|0x0000000082d00000, 0x0000000082d00000, 0x0000000082e00000|  0%| F|  |TAMS 0x0000000082d00000| PB 0x0000000082d00000| Untracked |  0
|  46|0x0000000082e00000, 0x0000000082e00000, 0x0000000082f00000|  0%| F|  |TAMS 0x0000000082e00000| PB 0x0000000082e00000| Untracked |  0
|  47|0x0000000082f00000, 0x0000000082f00000, 0x0000000083000000|  0%| F|  |TAMS 0x0000000082f00000| PB 0x0000000082f00000| Untracked |  0
|  48|0x0000000083000000, 0x0000000083000000, 0x0000000083100000|  0%| F|  |TAMS 0x0000000083000000| PB 0x0000000083000000| Untracked |  0
|  49|0x0000000083100000, 0x0000000083100000, 0x0000000083200000|  0%| F|  |TAMS 0x0000000083100000| PB 0x0000000083100000| Untracked |  0
|  50|0x0000000083200000, 0x0000000083200000, 0x0000000083300000|  0%| F|  |TAMS 0x0000000083200000| PB 0x0000000083200000| Untracked |  0
|  51|0x0000000083300000, 0x0000000083300000, 0x0000000083400000|  0%| F|  |TAMS 0x0000000083300000| PB 0x0000000083300000| Untracked |  0
|  52|0x0000000083400000, 0x0000000083400000, 0x0000000083500000|  0%| F|  |TAMS 0x0000000083400000| PB 0x0000000083400000| Untracked |  0
|  53|0x0000000083500000, 0x0000000083500000, 0x0000000083600000|  0%| F|  |TAMS 0x0000000083500000| PB 0x0000000083500000| Untracked |  0
|  54|0x0000000083600000, 0x0000000083600000, 0x0000000083700000|  0%| F|  |TAMS 0x0000000083600000| PB 0x0000000083600000| Untracked |  0
|  55|0x0000000083700000, 0x0000000083700000, 0x0000000083800000|  0%| F|  |TAMS 0x0000000083700000| PB 0x0000000083700000| Untracked |  0
|  56|0x0000000083800000, 0x0000000083800000, 0x0000000083900000|  0%| F|  |TAMS 0x0000000083800000| PB 0x0000000083800000| Untracked |  0
|  57|0x0000000083900000, 0x0000000083900000, 0x0000000083a00000|  0%| F|  |TAMS 0x0000000083900000| PB 0x0000000083900000| Untracked |  0
|  58|0x0000000083a00000, 0x0000000083a00000, 0x0000000083b00000|  0%| F|  |TAMS 0x0000000083a00000| PB 0x0000000083a00000| Untracked |  0
|  59|0x0000000083b00000, 0x0000000083b00000, 0x0000000083c00000|  0%| F|  |TAMS 0x0000000083b00000| PB 0x0000000083b00000| Untracked |  0
|  60|0x0000000083c00000, 0x0000000083c00000, 0x0000000083d00000|  0%| F|  |TAMS 0x0000000083c00000| PB 0x0000000083c00000| Untracked |  0
|  61|0x0000000083d00000, 0x0000000083d00000, 0x0000000083e00000|  0%| F|  |TAMS 0x0000000083d00000| PB 0x0000000083d00000| Untracked |  0
|  62|0x0000000083e00000, 0x0000000083e00000, 0x0000000083f00000|  0%| F|  |TAMS 0x0000000083e00000| PB 0x0000000083e00000| Untracked |  0
|  63|0x0000000083f00000, 0x0000000083f00000, 0x0000000084000000|  0%| F|  |TAMS 0x0000000083f00000| PB 0x0000000083f00000| Untracked |  0
|  64|0x0000000084000000, 0x0000000084000000, 0x0000000084100000|  0%| F|  |TAMS 0x0000000084000000| PB 0x0000000084000000| Untracked |  0
|  65|0x0000000084100000, 0x0000000084100000, 0x0000000084200000|  0%| F|  |TAMS 0x0000000084100000| PB 0x0000000084100000| Untracked |  0
|  66|0x0000000084200000, 0x0000000084200000, 0x0000000084300000|  0%| F|  |TAMS 0x0000000084200000| PB 0x0000000084200000| Untracked |  0
|  67|0x0000000084300000, 0x0000000084300000, 0x0000000084400000|  0%| F|  |TAMS 0x0000000084300000| PB 0x0000000084300000| Untracked |  0
|  68|0x0000000084400000, 0x0000000084400000, 0x0000000084500000|  0%| F|  |TAMS 0x0000000084400000| PB 0x0000000084400000| Untracked |  0
|  69|0x0000000084500000, 0x0000000084500000, 0x0000000084600000|  0%| F|  |TAMS 0x0000000084500000| PB 0x0000000084500000| Untracked |  0
|  70|0x0000000084600000, 0x0000000084600000, 0x0000000084700000|  0%| F|  |TAMS 0x0000000084600000| PB 0x0000000084600000| Untracked |  0
|  71|0x0000000084700000, 0x0000000084700000, 0x0000000084800000|  0%| F|  |TAMS 0x0000000084700000| PB 0x0000000084700000| Untracked |  0
|  72|0x0000000084800000, 0x0000000084800000, 0x0000000084900000|  0%| F|  |TAMS 0x0000000084800000| PB 0x0000000084800000| Untracked |  0
|  73|0x0000000084900000, 0x0000000084900000, 0x0000000084a00000|  0%| F|  |TAMS 0x0000000084900000| PB 0x0000000084900000| Untracked |  0
|  74|0x0000000084a00000, 0x0000000084a00000, 0x0000000084b00000|  0%| F|  |TAMS 0x0000000084a00000| PB 0x0000000084a00000| Untracked |  0
|  75|0x0000000084b00000, 0x0000000084b00000, 0x0000000084c00000|  0%| F|  |TAMS 0x0000000084b00000| PB 0x0000000084b00000| Untracked |  0
|  76|0x0000000084c00000, 0x0000000084c00000, 0x0000000084d00000|  0%| F|  |TAMS 0x0000000084c00000| PB 0x0000000084c00000| Untracked |  0
|  77|0x0000000084d00000, 0x0000000084d00000, 0x0000000084e00000|  0%| F|  |TAMS 0x0000000084d00000| PB 0x0000000084d00000| Untracked |  0
|  78|0x0000000084e00000, 0x0000000084e00000, 0x0000000084f00000|  0%| F|  |TAMS 0x0000000084e00000| PB 0x0000000084e00000| Untracked |  0
|  79|0x0000000084f00000, 0x0000000084f00000, 0x0000000085000000|  0%| F|  |TAMS 0x0000000084f00000| PB 0x0000000084f00000| Untracked |  0
|  80|0x0000000085000000, 0x0000000085000000, 0x0000000085100000|  0%| F|  |TAMS 0x0000000085000000| PB 0x0000000085000000| Untracked |  0
|  81|0x0000000085100000, 0x0000000085100000, 0x0000000085200000|  0%| F|  |TAMS 0x0000000085100000| PB 0x0000000085100000| Untracked |  0
|  82|0x0000000085200000, 0x0000000085200000, 0x0000000085300000|  0%| F|  |TAMS 0x0000000085200000| PB 0x0000000085200000| Untracked |  0
|  83|0x0000000085300000, 0x0000000085300000, 0x0000000085400000|  0%| F|  |TAMS 0x0000000085300000| PB 0x0000000085300000| Untracked |  0
|  84|0x0000000085400000, 0x0000000085400000, 0x0000000085500000|  0%| F|  |TAMS 0x0000000085400000| PB 0x0000000085400000| Untracked |  0
|  85|0x0000000085500000, 0x0000000085500000, 0x0000000085600000|  0%| F|  |TAMS 0x0000000085500000| PB 0x0000000085500000| Untracked |  0
|  86|0x0000000085600000, 0x0000000085600000, 0x0000000085700000|  0%| F|  |TAMS 0x0000000085600000| PB 0x0000000085600000| Untracked |  0
|  87|0x0000000085700000, 0x0000000085700000, 0x0000000085800000|  0%| F|  |TAMS 0x0000000085700000| PB 0x0000000085700000| Untracked |  0
|  88|0x0000000085800000, 0x0000000085800000, 0x0000000085900000|  0%| F|  |TAMS 0x0000000085800000| PB 0x0000000085800000| Untracked |  0
|  89|0x0000000085900000, 0x0000000085900000, 0x0000000085a00000|  0%| F|  |TAMS 0x0000000085900000| PB 0x0000000085900000| Untracked |  0
|  90|0x0000000085a00000, 0x0000000085a00000, 0x0000000085b00000|  0%| F|  |TAMS 0x0000000085a00000| PB 0x0000000085a00000| Untracked |  0
|  91|0x0000000085b00000, 0x0000000085b00000, 0x0000000085c00000|  0%| F|  |TAMS 0x0000000085b00000| PB 0x0000000085b00000| Untracked |  0
|  92|0x0000000085c00000, 0x0000000085c00000, 0x0000000085d00000|  0%| F|  |TAMS 0x0000000085c00000| PB 0x0000000085c00000| Untracked |  0
|  93|0x0000000085d00000, 0x0000000085d00000, 0x0000000085e00000|  0%| F|  |TAMS 0x0000000085d00000| PB 0x0000000085d00000| Untracked |  0
|  94|0x0000000085e00000, 0x0000000085e00000, 0x0000000085f00000|  0%| F|  |TAMS 0x0000000085e00000| PB 0x0000000085e00000| Untracked |  0
|  95|0x0000000085f00000, 0x0000000085f00000, 0x0000000086000000|  0%| F|  |TAMS 0x0000000085f00000| PB 0x0000000085f00000| Untracked |  0
|  96|0x0000000086000000, 0x0000000086000000, 0x0000000086100000|  0%| F|  |TAMS 0x0000000086000000| PB 0x0000000086000000| Untracked |  0
|  97|0x0000000086100000, 0x0000000086100000, 0x0000000086200000|  0%| F|  |TAMS 0x0000000086100000| PB 0x0000000086100000| Untracked |  0
|  98|0x0000000086200000, 0x0000000086200000, 0x0000000086300000|  0%| F|  |TAMS 0x0000000086200000| PB 0x0000000086200000| Untracked |  0
|  99|0x0000000086300000, 0x0000000086300000, 0x0000000086400000|  0%| F|  |TAMS 0x0000000086300000| PB 0x0000000086300000| Untracked |  0
| 100|0x0000000086400000, 0x0000000086400000, 0x0000000086500000|  0%| F|  |TAMS 0x0000000086400000| PB 0x0000000086400000| Untracked |  0
| 101|0x0000000086500000, 0x0000000086500000, 0x0000000086600000|  0%| F|  |TAMS 0x0000000086500000| PB 0x0000000086500000| Untracked |  0
| 102|0x0000000086600000, 0x0000000086600000, 0x0000000086700000|  0%| F|  |TAMS 0x0000000086600000| PB 0x0000000086600000| Untracked |  0
| 103|0x0000000086700000, 0x0000000086700000, 0x0000000086800000|  0%| F|  |TAMS 0x0000000086700000| PB 0x0000000086700000| Untracked |  0
| 104|0x0000000086800000, 0x0000000086800000, 0x0000000086900000|  0%| F|  |TAMS 0x0000000086800000| PB 0x0000000086800000| Untracked |  0
| 105|0x0000000086900000, 0x0000000086900000, 0x0000000086a00000|  0%| F|  |TAMS 0x0000000086900000| PB 0x0000000086900000| Untracked |  0
| 106|0x0000000086a00000, 0x0000000086a00000, 0x0000000086b00000|  0%| F|  |TAMS 0x0000000086a00000| PB 0x0000000086a00000| Untracked |  0
| 107|0x0000000086b00000, 0x0000000086b00000, 0x0000000086c00000|  0%| F|  |TAMS 0x0000000086b00000| PB 0x0000000086b00000| Untracked |  0
| 108|0x0000000086c00000, 0x0000000086c00000, 0x0000000086d00000|  0%| F|  |TAMS 0x0000000086c00000| PB 0x0000000086c00000| Untracked |  0
| 109|0x0000000086d00000, 0x0000000086d00000, 0x0000000086e00000|  0%| F|  |TAMS 0x0000000086d00000| PB 0x0000000086d00000| Untracked |  0
| 110|0x0000000086e00000, 0x0000000086e00000, 0x0000000086f00000|  0%| F|  |TAMS 0x0000000086e00000| PB 0x0000000086e00000| Untracked |  0
| 111|0x0000000086f00000, 0x0000000086f00000, 0x0000000087000000|  0%| F|  |TAMS 0x0000000086f00000| PB 0x0000000086f00000| Untracked |  0
| 112|0x0000000087000000, 0x0000000087000000, 0x0000000087100000|  0%| F|  |TAMS 0x0000000087000000| PB 0x0000000087000000| Untracked |  0
| 113|0x0000000087100000, 0x0000000087100000, 0x0000000087200000|  0%| F|  |TAMS 0x0000000087100000| PB 0x0000000087100000| Untracked |  0
| 114|0x0000000087200000, 0x0000000087200000, 0x0000000087300000|  0%| F|  |TAMS 0x0000000087200000| PB 0x0000000087200000| Untracked |  0
| 115|0x0000000087300000, 0x0000000087300000, 0x0000000087400000|  0%| F|  |TAMS 0x0000000087300000| PB 0x0000000087300000| Untracked |  0
| 116|0x0000000087400000, 0x0000000087400000, 0x0000000087500000|  0%| F|  |TAMS 0x0000000087400000| PB 0x0000000087400000| Untracked |  0
| 117|0x0000000087500000, 0x0000000087500000, 0x0000000087600000|  0%| F|  |TAMS 0x0000000087500000| PB 0x0000000087500000| Untracked |  0
| 118|0x0000000087600000, 0x0000000087600000, 0x0000000087700000|  0%| F|  |TAMS 0x0000000087600000| PB 0x0000000087600000| Untracked |  0
| 119|0x0000000087700000, 0x0000000087700000, 0x0000000087800000|  0%| F|  |TAMS 0x0000000087700000| PB 0x0000000087700000| Untracked |  0
| 120|0x0000000087800000, 0x0000000087800000, 0x0000000087900000|  0%| F|  |TAMS 0x0000000087800000| PB 0x0000000087800000| Untracked |  0
| 121|0x0000000087900000, 0x0000000087900000, 0x0000000087a00000|  0%| F|  |TAMS 0x0000000087900000| PB 0x0000000087900000| Untracked |  0
| 122|0x0000000087a00000, 0x0000000087a00000, 0x0000000087b00000|  0%| F|  |TAMS 0x0000000087a00000| PB 0x0000000087a00000| Untracked |  0
| 123|0x0000000087b00000, 0x0000000087b00000, 0x0000000087c00000|  0%| F|  |TAMS 0x0000000087b00000| PB 0x0000000087b00000| Untracked |  0
| 124|0x0000000087c00000, 0x0000000087c00000, 0x0000000087d00000|  0%| F|  |TAMS 0x0000000087c00000| PB 0x0000000087c00000| Untracked |  0
| 125|0x0000000087d00000, 0x0000000087d00000, 0x0000000087e00000|  0%| F|  |TAMS 0x0000000087d00000| PB 0x0000000087d00000| Untracked |  0
| 126|0x0000000087e00000, 0x0000000087e00000, 0x0000000087f00000|  0%| F|  |TAMS 0x0000000087e00000| PB 0x0000000087e00000| Untracked |  0
| 127|0x0000000087f00000, 0x0000000087f00000, 0x0000000088000000|  0%| F|  |TAMS 0x0000000087f00000| PB 0x0000000087f00000| Untracked |  0
| 128|0x0000000088000000, 0x0000000088000000, 0x0000000088100000|  0%| F|  |TAMS 0x0000000088000000| PB 0x0000000088000000| Untracked |  0
| 129|0x0000000088100000, 0x0000000088100000, 0x0000000088200000|  0%| F|  |TAMS 0x0000000088100000| PB 0x0000000088100000| Untracked |  0
| 130|0x0000000088200000, 0x0000000088200000, 0x0000000088300000|  0%| F|  |TAMS 0x0000000088200000| PB 0x0000000088200000| Untracked |  0
| 131|0x0000000088300000, 0x0000000088300000, 0x0000000088400000|  0%| F|  |TAMS 0x0000000088300000| PB 0x0000000088300000| Untracked |  0
| 132|0x0000000088400000, 0x0000000088400000, 0x0000000088500000|  0%| F|  |TAMS 0x0000000088400000| PB 0x0000000088400000| Untracked |  0
| 133|0x0000000088500000, 0x0000000088500000, 0x0000000088600000|  0%| F|  |TAMS 0x0000000088500000| PB 0x0000000088500000| Untracked |  0
| 134|0x0000000088600000, 0x0000000088600000, 0x0000000088700000|  0%| F|  |TAMS 0x0000000088600000| PB 0x0000000088600000| Untracked |  0
| 135|0x0000000088700000, 0x0000000088700000, 0x0000000088800000|  0%| F|  |TAMS 0x0000000088700000| PB 0x0000000088700000| Untracked |  0
| 136|0x0000000088800000, 0x0000000088800000, 0x0000000088900000|  0%| F|  |TAMS 0x0000000088800000| PB 0x0000000088800000| Untracked |  0
| 137|0x0000000088900000, 0x0000000088900000, 0x0000000088a00000|  0%| F|  |TAMS 0x0000000088900000| PB 0x0000000088900000| Untracked |  0
| 138|0x0000000088a00000, 0x0000000088a00000, 0x0000000088b00000|  0%| F|  |TAMS 0x0000000088a00000| PB 0x0000000088a00000| Untracked |  0
| 139|0x0000000088b00000, 0x0000000088b00000, 0x0000000088c00000|  0%| F|  |TAMS 0x0000000088b00000| PB 0x0000000088b00000| Untracked |  0
| 140|0x0000000088c00000, 0x0000000088c00000, 0x0000000088d00000|  0%| F|  |TAMS 0x0000000088c00000| PB 0x0000000088c00000| Untracked |  0
| 141|0x0000000088d00000, 0x0000000088d00000, 0x0000000088e00000|  0%| F|  |TAMS 0x0000000088d00000| PB 0x0000000088d00000| Untracked |  0
| 142|0x0000000088e00000, 0x0000000088e00000, 0x0000000088f00000|  0%| F|  |TAMS 0x0000000088e00000| PB 0x0000000088e00000| Untracked |  0
| 143|0x0000000088f00000, 0x0000000088f00000, 0x0000000089000000|  0%| F|  |TAMS 0x0000000088f00000| PB 0x0000000088f00000| Untracked |  0
| 144|0x0000000089000000, 0x0000000089000000, 0x0000000089100000|  0%| F|  |TAMS 0x0000000089000000| PB 0x0000000089000000| Untracked |  0
| 145|0x0000000089100000, 0x0000000089100000, 0x0000000089200000|  0%| F|  |TAMS 0x0000000089100000| PB 0x0000000089100000| Untracked |  0
| 146|0x0000000089200000, 0x0000000089200000, 0x0000000089300000|  0%| F|  |TAMS 0x0000000089200000| PB 0x0000000089200000| Untracked |  0
| 147|0x0000000089300000, 0x0000000089300000, 0x0000000089400000|  0%| F|  |TAMS 0x0000000089300000| PB 0x0000000089300000| Untracked |  0
| 148|0x0000000089400000, 0x0000000089400000, 0x0000000089500000|  0%| F|  |TAMS 0x0000000089400000| PB 0x0000000089400000| Untracked |  0
| 149|0x0000000089500000, 0x0000000089500000, 0x0000000089600000|  0%| F|  |TAMS 0x0000000089500000| PB 0x0000000089500000| Untracked |  0
| 150|0x0000000089600000, 0x0000000089600000, 0x0000000089700000|  0%| F|  |TAMS 0x0000000089600000| PB 0x0000000089600000| Untracked |  0
| 151|0x0000000089700000, 0x0000000089700000, 0x0000000089800000|  0%| F|  |TAMS 0x0000000089700000| PB 0x0000000089700000| Untracked |  0
| 152|0x0000000089800000, 0x0000000089800000, 0x0000000089900000|  0%| F|  |TAMS 0x0000000089800000| PB 0x0000000089800000| Untracked |  0
| 153|0x0000000089900000, 0x0000000089900000, 0x0000000089a00000|  0%| F|  |TAMS 0x0000000089900000| PB 0x0000000089900000| Untracked |  0
| 154|0x0000000089a00000, 0x0000000089a00000, 0x0000000089b00000|  0%| F|  |TAMS 0x0000000089a00000| PB 0x0000000089a00000| Untracked |  0
| 155|0x0000000089b00000, 0x0000000089b00000, 0x0000000089c00000|  0%| F|  |TAMS 0x0000000089b00000| PB 0x0000000089b00000| Untracked |  0
| 156|0x0000000089c00000, 0x0000000089c00000, 0x0000000089d00000|  0%| F|  |TAMS 0x0000000089c00000| PB 0x0000000089c00000| Untracked |  0
| 157|0x0000000089d00000, 0x0000000089d00000, 0x0000000089e00000|  0%| F|  |TAMS 0x0000000089d00000| PB 0x0000000089d00000| Untracked |  0
| 158|0x0000000089e00000, 0x0000000089e00000, 0x0000000089f00000|  0%| F|  |TAMS 0x0000000089e00000| PB 0x0000000089e00000| Untracked |  0
| 159|0x0000000089f00000, 0x0000000089f00000, 0x000000008a000000|  0%| F|  |TAMS 0x0000000089f00000| PB 0x0000000089f00000| Untracked |  0
| 160|0x000000008a000000, 0x000000008a000000, 0x000000008a100000|  0%| F|  |TAMS 0x000000008a000000| PB 0x000000008a000000| Untracked |  0
| 161|0x000000008a100000, 0x000000008a100000, 0x000000008a200000|  0%| F|  |TAMS 0x000000008a100000| PB 0x000000008a100000| Untracked |  0
| 162|0x000000008a200000, 0x000000008a200000, 0x000000008a300000|  0%| F|  |TAMS 0x000000008a200000| PB 0x000000008a200000| Untracked |  0
| 163|0x000000008a300000, 0x000000008a300000, 0x000000008a400000|  0%| F|  |TAMS 0x000000008a300000| PB 0x000000008a300000| Untracked |  0
| 164|0x000000008a400000, 0x000000008a400000, 0x000000008a500000|  0%| F|  |TAMS 0x000000008a400000| PB 0x000000008a400000| Untracked |  0
| 165|0x000000008a500000, 0x000000008a500000, 0x000000008a600000|  0%| F|  |TAMS 0x000000008a500000| PB 0x000000008a500000| Untracked |  0
| 166|0x000000008a600000, 0x000000008a600000, 0x000000008a700000|  0%| F|  |TAMS 0x000000008a600000| PB 0x000000008a600000| Untracked |  0
| 167|0x000000008a700000, 0x000000008a700000, 0x000000008a800000|  0%| F|  |TAMS 0x000000008a700000| PB 0x000000008a700000| Untracked |  0
| 168|0x000000008a800000, 0x000000008a800000, 0x000000008a900000|  0%| F|  |TAMS 0x000000008a800000| PB 0x000000008a800000| Untracked |  0
| 169|0x000000008a900000, 0x000000008a900000, 0x000000008aa00000|  0%| F|  |TAMS 0x000000008a900000| PB 0x000000008a900000| Untracked |  0
| 170|0x000000008aa00000, 0x000000008aa00000, 0x000000008ab00000|  0%| F|  |TAMS 0x000000008aa00000| PB 0x000000008aa00000| Untracked |  0
| 171|0x000000008ab00000, 0x000000008ab00000, 0x000000008ac00000|  0%| F|  |TAMS 0x000000008ab00000| PB 0x000000008ab00000| Untracked |  0
| 172|0x000000008ac00000, 0x000000008ac00000, 0x000000008ad00000|  0%| F|  |TAMS 0x000000008ac00000| PB 0x000000008ac00000| Untracked |  0
| 173|0x000000008ad00000, 0x000000008ae00000, 0x000000008ae00000|100%| S|CS|TAMS 0x000000008ad00000| PB 0x000000008ad00000| Complete |  0
| 174|0x000000008ae00000, 0x000000008af00000, 0x000000008af00000|100%| S|CS|TAMS 0x000000008ae00000| PB 0x000000008ae00000| Complete |  0
| 175|0x000000008af00000, 0x000000008b000000, 0x000000008b000000|100%| S|CS|TAMS 0x000000008af00000| PB 0x000000008af00000| Complete |  0
| 176|0x000000008b000000, 0x000000008b100000, 0x000000008b100000|100%| S|CS|TAMS 0x000000008b000000| PB 0x000000008b000000| Complete |  0
| 177|0x000000008b100000, 0x000000008b200000, 0x000000008b200000|100%| S|CS|TAMS 0x000000008b100000| PB 0x000000008b100000| Complete |  0
| 178|0x000000008b200000, 0x000000008b300000, 0x000000008b300000|100%| S|CS|TAMS 0x000000008b200000| PB 0x000000008b200000| Complete |  0
| 179|0x000000008b300000, 0x000000008b400000, 0x000000008b400000|100%| S|CS|TAMS 0x000000008b300000| PB 0x000000008b300000| Complete |  0
| 180|0x000000008b400000, 0x000000008b500000, 0x000000008b500000|100%| S|CS|TAMS 0x000000008b400000| PB 0x000000008b400000| Complete |  0
| 181|0x000000008b500000, 0x000000008b600000, 0x000000008b600000|100%| S|CS|TAMS 0x000000008b500000| PB 0x000000008b500000| Complete |  0
| 182|0x000000008b600000, 0x000000008b600000, 0x000000008b700000|  0%| F|  |TAMS 0x000000008b600000| PB 0x000000008b600000| Untracked |  0
| 183|0x000000008b700000, 0x000000008b700000, 0x000000008b800000|  0%| F|  |TAMS 0x000000008b700000| PB 0x000000008b700000| Untracked |  0
| 184|0x000000008b800000, 0x000000008b800000, 0x000000008b900000|  0%| F|  |TAMS 0x000000008b800000| PB 0x000000008b800000| Untracked |  0
| 185|0x000000008b900000, 0x000000008b900000, 0x000000008ba00000|  0%| F|  |TAMS 0x000000008b900000| PB 0x000000008b900000| Untracked |  0
| 186|0x000000008ba00000, 0x000000008ba00000, 0x000000008bb00000|  0%| F|  |TAMS 0x000000008ba00000| PB 0x000000008ba00000| Untracked |  0
| 187|0x000000008bb00000, 0x000000008bb00000, 0x000000008bc00000|  0%| F|  |TAMS 0x000000008bb00000| PB 0x000000008bb00000| Untracked |  0
| 188|0x000000008bc00000, 0x000000008bc00000, 0x000000008bd00000|  0%| F|  |TAMS 0x000000008bc00000| PB 0x000000008bc00000| Untracked |  0
| 189|0x000000008bd00000, 0x000000008bd00000, 0x000000008be00000|  0%| F|  |TAMS 0x000000008bd00000| PB 0x000000008bd00000| Untracked |  0
| 190|0x000000008be00000, 0x000000008be00000, 0x000000008bf00000|  0%| F|  |TAMS 0x000000008be00000| PB 0x000000008be00000| Untracked |  0
| 191|0x000000008bf00000, 0x000000008bf00000, 0x000000008c000000|  0%| F|  |TAMS 0x000000008bf00000| PB 0x000000008bf00000| Untracked |  0
| 192|0x000000008c000000, 0x000000008c000000, 0x000000008c100000|  0%| F|  |TAMS 0x000000008c000000| PB 0x000000008c000000| Untracked |  0
| 193|0x000000008c100000, 0x000000008c100000, 0x000000008c200000|  0%| F|  |TAMS 0x000000008c100000| PB 0x000000008c100000| Untracked |  0
| 194|0x000000008c200000, 0x000000008c200000, 0x000000008c300000|  0%| F|  |TAMS 0x000000008c200000| PB 0x000000008c200000| Untracked |  0
| 195|0x000000008c300000, 0x000000008c300000, 0x000000008c400000|  0%| F|  |TAMS 0x000000008c300000| PB 0x000000008c300000| Untracked |  0
| 196|0x000000008c400000, 0x000000008c400000, 0x000000008c500000|  0%| F|  |TAMS 0x000000008c400000| PB 0x000000008c400000| Untracked |  0
| 197|0x000000008c500000, 0x000000008c500000, 0x000000008c600000|  0%| F|  |TAMS 0x000000008c500000| PB 0x000000008c500000| Untracked |  0
| 198|0x000000008c600000, 0x000000008c600000, 0x000000008c700000|  0%| F|  |TAMS 0x000000008c600000| PB 0x000000008c600000| Untracked |  0
| 199|0x000000008c700000, 0x000000008c700000, 0x000000008c800000|  0%| F|  |TAMS 0x000000008c700000| PB 0x000000008c700000| Untracked |  0
| 200|0x000000008c800000, 0x000000008c800000, 0x000000008c900000|  0%| F|  |TAMS 0x000000008c800000| PB 0x000000008c800000| Untracked |  0
| 201|0x000000008c900000, 0x000000008c900000, 0x000000008ca00000|  0%| F|  |TAMS 0x000000008c900000| PB 0x000000008c900000| Untracked |  0
| 202|0x000000008ca00000, 0x000000008ca00000, 0x000000008cb00000|  0%| F|  |TAMS 0x000000008ca00000| PB 0x000000008ca00000| Untracked |  0
| 203|0x000000008cb00000, 0x000000008cb00000, 0x000000008cc00000|  0%| F|  |TAMS 0x000000008cb00000| PB 0x000000008cb00000| Untracked |  0
| 204|0x000000008cc00000, 0x000000008cc00000, 0x000000008cd00000|  0%| F|  |TAMS 0x000000008cc00000| PB 0x000000008cc00000| Untracked |  0
| 205|0x000000008cd00000, 0x000000008cd00000, 0x000000008ce00000|  0%| F|  |TAMS 0x000000008cd00000| PB 0x000000008cd00000| Untracked |  0
| 206|0x000000008ce00000, 0x000000008ce00000, 0x000000008cf00000|  0%| F|  |TAMS 0x000000008ce00000| PB 0x000000008ce00000| Untracked |  0
| 207|0x000000008cf00000, 0x000000008cf00000, 0x000000008d000000|  0%| F|  |TAMS 0x000000008cf00000| PB 0x000000008cf00000| Untracked |  0
| 208|0x000000008d000000, 0x000000008d000000, 0x000000008d100000|  0%| F|  |TAMS 0x000000008d000000| PB 0x000000008d000000| Untracked |  0
| 209|0x000000008d100000, 0x000000008d100000, 0x000000008d200000|  0%| F|  |TAMS 0x000000008d100000| PB 0x000000008d100000| Untracked |  0
| 210|0x000000008d200000, 0x000000008d200000, 0x000000008d300000|  0%| F|  |TAMS 0x000000008d200000| PB 0x000000008d200000| Untracked |  0
| 211|0x000000008d300000, 0x000000008d300000, 0x000000008d400000|  0%| F|  |TAMS 0x000000008d300000| PB 0x000000008d300000| Untracked |  0
| 212|0x000000008d400000, 0x000000008d400000, 0x000000008d500000|  0%| F|  |TAMS 0x000000008d400000| PB 0x000000008d400000| Untracked |  0
| 213|0x000000008d500000, 0x000000008d500000, 0x000000008d600000|  0%| F|  |TAMS 0x000000008d500000| PB 0x000000008d500000| Untracked |  0
| 214|0x000000008d600000, 0x000000008d600000, 0x000000008d700000|  0%| F|  |TAMS 0x000000008d600000| PB 0x000000008d600000| Untracked |  0
| 215|0x000000008d700000, 0x000000008d700000, 0x000000008d800000|  0%| F|  |TAMS 0x000000008d700000| PB 0x000000008d700000| Untracked |  0
| 216|0x000000008d800000, 0x000000008d800000, 0x000000008d900000|  0%| F|  |TAMS 0x000000008d800000| PB 0x000000008d800000| Untracked |  0
| 217|0x000000008d900000, 0x000000008d900000, 0x000000008da00000|  0%| F|  |TAMS 0x000000008d900000| PB 0x000000008d900000| Untracked |  0
| 218|0x000000008da00000, 0x000000008da00000, 0x000000008db00000|  0%| F|  |TAMS 0x000000008da00000| PB 0x000000008da00000| Untracked |  0
| 219|0x000000008db00000, 0x000000008db00000, 0x000000008dc00000|  0%| F|  |TAMS 0x000000008db00000| PB 0x000000008db00000| Untracked |  0
| 220|0x000000008dc00000, 0x000000008dc00000, 0x000000008dd00000|  0%| F|  |TAMS 0x000000008dc00000| PB 0x000000008dc00000| Untracked |  0
| 221|0x000000008dd00000, 0x000000008dd00000, 0x000000008de00000|  0%| F|  |TAMS 0x000000008dd00000| PB 0x000000008dd00000| Untracked |  0
| 222|0x000000008de00000, 0x000000008de00000, 0x000000008df00000|  0%| F|  |TAMS 0x000000008de00000| PB 0x000000008de00000| Untracked |  0
| 223|0x000000008df00000, 0x000000008df00000, 0x000000008e000000|  0%| F|  |TAMS 0x000000008df00000| PB 0x000000008df00000| Untracked |  0
| 224|0x000000008e000000, 0x000000008e000000, 0x000000008e100000|  0%| F|  |TAMS 0x000000008e000000| PB 0x000000008e000000| Untracked |  0
| 225|0x000000008e100000, 0x000000008e100000, 0x000000008e200000|  0%| F|  |TAMS 0x000000008e100000| PB 0x000000008e100000| Untracked |  0
| 226|0x000000008e200000, 0x000000008e200000, 0x000000008e300000|  0%| F|  |TAMS 0x000000008e200000| PB 0x000000008e200000| Untracked |  0
| 227|0x000000008e300000, 0x000000008e300000, 0x000000008e400000|  0%| F|  |TAMS 0x000000008e300000| PB 0x000000008e300000| Untracked |  0
| 228|0x000000008e400000, 0x000000008e400000, 0x000000008e500000|  0%| F|  |TAMS 0x000000008e400000| PB 0x000000008e400000| Untracked |  0
| 229|0x000000008e500000, 0x000000008e500000, 0x000000008e600000|  0%| F|  |TAMS 0x000000008e500000| PB 0x000000008e500000| Untracked |  0
| 230|0x000000008e600000, 0x000000008e600000, 0x000000008e700000|  0%| F|  |TAMS 0x000000008e600000| PB 0x000000008e600000| Untracked |  0
| 231|0x000000008e700000, 0x000000008e700000, 0x000000008e800000|  0%| F|  |TAMS 0x000000008e700000| PB 0x000000008e700000| Untracked |  0
| 232|0x000000008e800000, 0x000000008e800000, 0x000000008e900000|  0%| F|  |TAMS 0x000000008e800000| PB 0x000000008e800000| Untracked |  0
| 233|0x000000008e900000, 0x000000008e900000, 0x000000008ea00000|  0%| F|  |TAMS 0x000000008e900000| PB 0x000000008e900000| Untracked |  0
| 234|0x000000008ea00000, 0x000000008ea00000, 0x000000008eb00000|  0%| F|  |TAMS 0x000000008ea00000| PB 0x000000008ea00000| Untracked |  0
| 235|0x000000008eb00000, 0x000000008eb00000, 0x000000008ec00000|  0%| F|  |TAMS 0x000000008eb00000| PB 0x000000008eb00000| Untracked |  0
| 236|0x000000008ec00000, 0x000000008ec00000, 0x000000008ed00000|  0%| F|  |TAMS 0x000000008ec00000| PB 0x000000008ec00000| Untracked |  0
| 237|0x000000008ed00000, 0x000000008ee00000, 0x000000008ee00000|100%| E|  |TAMS 0x000000008ed00000| PB 0x000000008ed00000| Complete |  0
| 238|0x000000008ee00000, 0x000000008ef00000, 0x000000008ef00000|100%| E|CS|TAMS 0x000000008ee00000| PB 0x000000008ee00000| Complete |  0
| 239|0x000000008ef00000, 0x000000008f000000, 0x000000008f000000|100%| E|CS|TAMS 0x000000008ef00000| PB 0x000000008ef00000| Complete |  0
| 240|0x000000008f000000, 0x000000008f100000, 0x000000008f100000|100%| E|CS|TAMS 0x000000008f000000| PB 0x000000008f000000| Complete |  0
| 241|0x000000008f100000, 0x000000008f200000, 0x000000008f200000|100%| E|CS|TAMS 0x000000008f100000| PB 0x000000008f100000| Complete |  0
| 242|0x000000008f200000, 0x000000008f300000, 0x000000008f300000|100%| E|CS|TAMS 0x000000008f200000| PB 0x000000008f200000| Complete |  0
| 243|0x000000008f300000, 0x000000008f400000, 0x000000008f400000|100%| E|CS|TAMS 0x000000008f300000| PB 0x000000008f300000| Complete |  0
| 244|0x000000008f400000, 0x000000008f500000, 0x000000008f500000|100%| E|CS|TAMS 0x000000008f400000| PB 0x000000008f400000| Complete |  0
| 245|0x000000008f500000, 0x000000008f600000, 0x000000008f600000|100%| E|CS|TAMS 0x000000008f500000| PB 0x000000008f500000| Complete |  0
| 246|0x000000008f600000, 0x000000008f700000, 0x000000008f700000|100%| E|CS|TAMS 0x000000008f600000| PB 0x000000008f600000| Complete |  0
| 247|0x000000008f700000, 0x000000008f800000, 0x000000008f800000|100%| E|CS|TAMS 0x000000008f700000| PB 0x000000008f700000| Complete |  0
| 248|0x000000008f800000, 0x000000008f900000, 0x000000008f900000|100%| E|CS|TAMS 0x000000008f800000| PB 0x000000008f800000| Complete |  0
| 249|0x000000008f900000, 0x000000008fa00000, 0x000000008fa00000|100%| E|CS|TAMS 0x000000008f900000| PB 0x000000008f900000| Complete |  0
| 250|0x000000008fa00000, 0x000000008fb00000, 0x000000008fb00000|100%| E|CS|TAMS 0x000000008fa00000| PB 0x000000008fa00000| Complete |  0
| 251|0x000000008fb00000, 0x000000008fc00000, 0x000000008fc00000|100%| E|CS|TAMS 0x000000008fb00000| PB 0x000000008fb00000| Complete |  0

Card table byte_map: [0x0000022fccce0000,0x0000022fcd0e0000] _byte_map_base: 0x0000022fcc8e0000

Marking Bits: (CMBitMap*) 0x0000022fb4881cd0
 Bits: [0x0000022fcd0e0000, 0x0000022fcf0e0000)

Polling page: 0x0000022fb3f60000

Metaspace:

Usage:
  Non-class:     15.98 MB used.
      Class:      2.73 MB used.
       Both:     18.71 MB used.

Virtual space:
  Non-class space:       64.00 MB reserved,      16.31 MB ( 25%) committed,  1 nodes.
      Class space:      416.00 MB reserved,       3.00 MB ( <1%) committed,  1 nodes.
             Both:      480.00 MB reserved,      19.31 MB (  4%) committed. 

Chunk freelists:
   Non-Class:  15.12 MB
       Class:  12.81 MB
        Both:  27.94 MB

MaxMetaspaceSize: 512.00 MB
CompressedClassSpaceSize: 416.00 MB
Initial GC threshold: 21.00 MB
Current GC threshold: 21.00 MB
CDS: on
 - commit_granule_bytes: 65536.
 - commit_granule_words: 8192.
 - virtual_space_node_default_size: 8388608.
 - enlarge_chunks_in_place: 1.
 - use_allocation_guard: 0.


Internal statistics:

num_allocs_failed_limit: 0.
num_arena_births: 836.
num_arena_deaths: 0.
num_vsnodes_births: 2.
num_vsnodes_deaths: 0.
num_space_committed: 309.
num_space_uncommitted: 0.
num_chunks_returned_to_freelist: 0.
num_chunks_taken_from_freelist: 1536.
num_chunk_merges: 0.
num_chunk_splits: 1004.
num_chunks_enlarged: 683.
num_inconsistent_stats: 0.

CodeHeap 'non-profiled nmethods': size=119232Kb used=1284Kb max_used=1284Kb free=117947Kb
 bounds [0x0000022fc4ae0000, 0x0000022fc4d50000, 0x0000022fcbf50000]
CodeHeap 'profiled nmethods': size=119104Kb used=5150Kb max_used=5150Kb free=113954Kb
 bounds [0x0000022fbcf50000, 0x0000022fbd460000, 0x0000022fc43a0000]
CodeHeap 'non-nmethods': size=7424Kb used=2636Kb max_used=3249Kb free=4787Kb
 bounds [0x0000022fc43a0000, 0x0000022fc46e0000, 0x0000022fc4ae0000]
CodeCache: size=245760Kb, used=9070Kb, max_used=9683Kb, free=236688Kb
 total_blobs=3955, nmethods=3362, adapters=496, full_count=0
Compilation: enabled, stopped_count=0, restarted_count=0

Compilation events (20 events):
Event: 3.731 Thread 0x0000022fd2743bb0 nmethod 3340 0x0000022fbd450d08 code [0x0000022fbd4510e0, 0x0000022fbd453e48]
Event: 3.732 Thread 0x0000022fd224b030 nmethod 3326 0x0000022fc4c1b888 code [0x0000022fc4c1b980, 0x0000022fc4c1ba30]
Event: 3.732 Thread 0x0000022fd224b030 3332   !   4       java.lang.invoke.MemberName::getMethodType (213 bytes)
Event: 3.735 Thread 0x0000022fd224b030 nmethod 3332 0x0000022fc4c1bb88 code [0x0000022fc4c1bce0, 0x0000022fc4c1c1c0]
Event: 3.735 Thread 0x0000022fd224b030 3338       4       java.lang.invoke.MethodType::equals (27 bytes)
Event: 3.737 Thread 0x0000022fd23b8580 nmethod 3328 0x0000022fc4c1c208 code [0x0000022fc4c1c3e0, 0x0000022fc4c1ccf8]
Event: 3.738 Thread 0x0000022fd224b030 nmethod 3338 0x0000022fc4c1ce08 code [0x0000022fc4c1cf20, 0x0000022fc4c1d1c0]
Event: 4.256 Thread 0x0000022fd2743bb0 3342       3       java.util.concurrent.TimeUnit::toNanos (45 bytes)
Event: 4.256 Thread 0x0000022fd2743bb0 nmethod 3342 0x0000022fbd453f08 code [0x0000022fbd454040, 0x0000022fbd454288]
Event: 4.366 Thread 0x0000022fd2743bb0 3344       3       java.util.concurrent.locks.AbstractQueuedSynchronizer$ConditionObject::canReacquire (38 bytes)
Event: 4.366 Thread 0x0000022fd2743bb0 nmethod 3344 0x0000022fbd454308 code [0x0000022fbd454440, 0x0000022fbd454778]
Event: 4.379 Thread 0x0000022fd15d9d10 3345       3       jdk.internal.misc.Unsafe::putReferenceOpaque (9 bytes)
Event: 4.379 Thread 0x0000022fd15d9d10 nmethod 3345 0x0000022fbd454808 code [0x0000022fbd454920, 0x0000022fbd454a80]
Event: 4.396 Thread 0x0000022fd224b030 3347       4       java.util.concurrent.locks.ReentrantLock::lock (8 bytes)
Event: 4.456 Thread 0x0000022fd236eee0 3348       3       java.util.concurrent.locks.LockSupport::setBlocker (12 bytes)
Event: 4.456 Thread 0x0000022fd236eee0 nmethod 3348 0x0000022fbd454b08 code [0x0000022fbd454c20, 0x0000022fbd454e28]
Event: 4.657 Thread 0x0000022fd2743bb0 3349       1       jdk.internal.event.ThreadSleepEvent::isEnabled (2 bytes)
Event: 4.658 Thread 0x0000022fd2743bb0 nmethod 3349 0x0000022fc4c1dc88 code [0x0000022fc4c1dda0, 0x0000022fc4c1de68]
Event: 4.673 Thread 0x0000022fd2743bb0 3351       1       org.gradle.launcher.daemon.server.exec.DaemonConnectionBackedEventConsumer::access$000 (5 bytes)
Event: 4.673 Thread 0x0000022fd2743bb0 nmethod 3351 0x0000022fc4c1df88 code [0x0000022fc4c1e0a0, 0x0000022fc4c1e150]

GC Heap History (8 events):
Event: 0.360 GC heap before
{Heap before GC invocations=0 (full 0):
 garbage-first heap   total reserved 2097152K, committed 258048K, used 23552K [0x0000000080000000, 0x0000000100000000)
  region size 1024K, 24 young (24576K), 0 survivors (0K)
 Metaspace       used 1134K, committed 1280K, reserved 491520K
  class space    used 78K, committed 128K, reserved 425984K
}
Event: 0.362 GC heap after
{Heap after GC invocations=1 (full 0):
 garbage-first heap   total reserved 2097152K, committed 258048K, used 5206K [0x0000000080000000, 0x0000000100000000)
  region size 1024K, 3 young (3072K), 3 survivors (3072K)
 Metaspace       used 1134K, committed 1280K, reserved 491520K
  class space    used 78K, committed 128K, reserved 425984K
}
Event: 0.825 GC heap before
{Heap before GC invocations=1 (full 0):
 garbage-first heap   total reserved 2097152K, committed 258048K, used 31830K [0x0000000080000000, 0x0000000100000000)
  region size 1024K, 26 young (26624K), 3 survivors (3072K)
 Metaspace       used 4688K, committed 4864K, reserved 491520K
  class space    used 596K, committed 704K, reserved 425984K
}
Event: 0.828 GC heap after
{Heap after GC invocations=2 (full 0):
 garbage-first heap   total reserved 2097152K, committed 258048K, used 11976K [0x0000000080000000, 0x0000000100000000)
  region size 1024K, 3 young (3072K), 3 survivors (3072K)
 Metaspace       used 4688K, committed 4864K, reserved 491520K
  class space    used 596K, committed 704K, reserved 425984K
}
Event: 1.151 GC heap before
{Heap before GC invocations=2 (full 0):
 garbage-first heap   total reserved 2097152K, committed 258048K, used 59080K [0x0000000080000000, 0x0000000100000000)
  region size 1024K, 48 young (49152K), 3 survivors (3072K)
 Metaspace       used 4912K, committed 5184K, reserved 491520K
  class space    used 620K, committed 768K, reserved 425984K
}
Event: 1.153 GC heap after
{Heap after GC invocations=3 (full 0):
 garbage-first heap   total reserved 2097152K, committed 258048K, used 17260K [0x0000000080000000, 0x0000000100000000)
  region size 1024K, 6 young (6144K), 6 survivors (6144K)
 Metaspace       used 4912K, committed 5184K, reserved 491520K
  class space    used 620K, committed 768K, reserved 425984K
}
Event: 3.607 GC heap before
{Heap before GC invocations=3 (full 0):
 garbage-first heap   total reserved 2097152K, committed 258048K, used 82796K [0x0000000080000000, 0x0000000100000000)
  region size 1024K, 70 young (71680K), 6 survivors (6144K)
 Metaspace       used 17267K, committed 17792K, reserved 491520K
  class space    used 2460K, committed 2688K, reserved 425984K
}
Event: 3.612 GC heap after
{Heap after GC invocations=4 (full 0):
 garbage-first heap   total reserved 2097152K, committed 258048K, used 23116K [0x0000000080000000, 0x0000000100000000)
  region size 1024K, 9 young (9216K), 9 survivors (9216K)
 Metaspace       used 17267K, committed 17792K, reserved 491520K
  class space    used 2460K, committed 2688K, reserved 425984K
}

Dll operation events (15 events):
Event: 0.009 Loaded shared library C:\Program Files\Java\jdk-23\bin\java.dll
Event: 0.035 Loaded shared library C:\Program Files\Java\jdk-23\bin\jsvml.dll
Event: 0.064 Loaded shared library C:\Program Files\Java\jdk-23\bin\zip.dll
Event: 0.066 Loaded shared library C:\Program Files\Java\jdk-23\bin\instrument.dll
Event: 0.068 Loaded shared library C:\Program Files\Java\jdk-23\bin\net.dll
Event: 0.069 Loaded shared library C:\Program Files\Java\jdk-23\bin\nio.dll
Event: 0.071 Loaded shared library C:\Program Files\Java\jdk-23\bin\zip.dll
Event: 0.251 Loaded shared library C:\Program Files\Java\jdk-23\bin\jimage.dll
Event: 0.462 Loaded shared library C:\Program Files\Java\jdk-23\bin\verify.dll
Event: 0.595 Loaded shared library C:\Users\sahil\.gradle\native\c067742578af261105cb4f569cf0c3c89f3d7b1fecec35dd04571415982c5e48\windows-amd64\native-platform.dll
Event: 0.599 Loaded shared library C:\Users\sahil\.gradle\native\100fb08df4bc3b14c8652ba06237920a3bd2aa13389f12d3474272988ae205f9\windows-amd64\native-platform-file-events.dll
Event: 2.370 Loaded shared library C:\Program Files\Java\jdk-23\bin\management.dll
Event: 2.372 Loaded shared library C:\Program Files\Java\jdk-23\bin\management_ext.dll
Event: 2.501 Loaded shared library C:\Program Files\Java\jdk-23\bin\extnet.dll
Event: 2.630 Loaded shared library C:\Program Files\Java\jdk-23\bin\sunmscapi.dll

Deoptimization events (20 events):
Event: 3.460 Thread 0x0000022ff331b900 Uncommon trap: trap_request=0xffffff45 fr.pc=0x0000022fc4b06004 relative=0x00000000000000e4
Event: 3.460 Thread 0x0000022ff331b900 Uncommon trap: reason=unstable_if action=reinterpret pc=0x0000022fc4b06004 method=java.util.HashMap.hash(Ljava/lang/Object;)I @ 1 c2
Event: 3.460 Thread 0x0000022ff331b900 DEOPT PACKING pc=0x0000022fc4b06004 sp=0x0000009ef8dfc6b0
Event: 3.460 Thread 0x0000022ff331b900 DEOPT UNPACKING pc=0x0000022fc43f4402 sp=0x0000009ef8dfc5f0 mode 2
Event: 3.502 Thread 0x0000022ff331b900 Uncommon trap: trap_request=0xffffff45 fr.pc=0x0000022fc4beea1c relative=0x000000000000055c
Event: 3.502 Thread 0x0000022ff331b900 Uncommon trap: reason=unstable_if action=reinterpret pc=0x0000022fc4beea1c method=java.util.ArrayList.grow(I)[Ljava/lang/Object; @ 17 c2
Event: 3.502 Thread 0x0000022ff331b900 DEOPT PACKING pc=0x0000022fc4beea1c sp=0x0000009ef8dfd3d0
Event: 3.502 Thread 0x0000022ff331b900 DEOPT UNPACKING pc=0x0000022fc43f4402 sp=0x0000009ef8dfd388 mode 2
Event: 3.612 Thread 0x0000022fd235fb40 Uncommon trap: trap_request=0xffffff45 fr.pc=0x0000022fc4bb89ec relative=0x000000000000016c
Event: 3.612 Thread 0x0000022fd235fb40 Uncommon trap: reason=unstable_if action=reinterpret pc=0x0000022fc4bb89ec method=java.util.concurrent.locks.ReentrantLock$NonfairSync.initialTryLock()Z @ 25 c2
Event: 3.612 Thread 0x0000022fd235fb40 DEOPT PACKING pc=0x0000022fc4bb89ec sp=0x0000009ef7bff1d0
Event: 3.612 Thread 0x0000022fd235fb40 DEOPT UNPACKING pc=0x0000022fc43f4402 sp=0x0000009ef7bff170 mode 2
Event: 3.667 Thread 0x0000022ff331b900 DEOPT PACKING pc=0x0000022fbd333832 sp=0x0000009ef8df86a0
Event: 3.667 Thread 0x0000022ff331b900 DEOPT UNPACKING pc=0x0000022fc43f4b22 sp=0x0000009ef8df7bb0 mode 0
Event: 3.667 Thread 0x0000022ff331b900 DEOPT PACKING pc=0x0000022fbd40f5e1 sp=0x0000009ef8df85c0
Event: 3.667 Thread 0x0000022ff331b900 DEOPT UNPACKING pc=0x0000022fc43f4b22 sp=0x0000009ef8df7bb0 mode 0
Event: 3.681 Thread 0x0000022ff331b900 DEOPT PACKING pc=0x0000022fbd333811 sp=0x0000009ef8dfca60
Event: 3.681 Thread 0x0000022ff331b900 DEOPT UNPACKING pc=0x0000022fc43f4b22 sp=0x0000009ef8dfbf70 mode 0
Event: 3.697 Thread 0x0000022ff331b900 DEOPT PACKING pc=0x0000022fbd333832 sp=0x0000009ef8dfb6f0
Event: 3.697 Thread 0x0000022ff331b900 DEOPT UNPACKING pc=0x0000022fc43f4b22 sp=0x0000009ef8dfac00 mode 0

Classes loaded (20 events):
Event: 3.534 Loading class java/lang/invoke/BoundMethodHandle$Species_LLLLLLLLLLLLLLLLLLLLLL
Event: 3.534 Loading class java/lang/invoke/BoundMethodHandle$Species_LLLLLLLLLLLLLLLLLLLLLL done
Event: 3.537 Loading class java/lang/invoke/BoundMethodHandle$Species_LLLLLLLLLLLLLLLLLLLLLLL
Event: 3.537 Loading class java/lang/invoke/BoundMethodHandle$Species_LLLLLLLLLLLLLLLLLLLLLLL done
Event: 3.624 Loading class java/util/function/LongFunction
Event: 3.624 Loading class java/util/function/LongFunction done
Event: 3.664 Loading class java/security/InvalidKeyException
Event: 3.664 Loading class java/security/KeyException
Event: 3.664 Loading class java/security/KeyException done
Event: 3.664 Loading class java/security/InvalidKeyException done
Event: 3.699 Loading class java/io/ObjectOutputStream
Event: 3.699 Loading class java/io/ObjectOutput
Event: 3.699 Loading class java/io/ObjectOutput done
Event: 3.699 Loading class java/io/ObjectStreamConstants
Event: 3.699 Loading class java/io/ObjectStreamConstants done
Event: 3.699 Loading class java/io/ObjectOutputStream done
Event: 3.700 Loading class java/io/ObjectInputStream
Event: 3.700 Loading class java/io/ObjectInput
Event: 3.700 Loading class java/io/ObjectInput done
Event: 3.700 Loading class java/io/ObjectInputStream done

Classes unloaded (0 events):
No events

Classes redefined (0 events):
No events

Internal exceptions (20 events):
Event: 3.439 Thread 0x0000022ff331b900 Exception <a 'java/lang/NoSuchMethodError'{0x000000008bf83900}: 'int java.lang.invoke.DirectMethodHandle$Holder.invokeSpecialIFC(java.lang.Object, java.lang.Object, java.lang.Object, java.lang.Object)'> (0x000000008bf83900) 
thrown [s\open\src\hotspot\share\interpreter\linkResolver.cpp, line 796]
Event: 3.441 Thread 0x0000022ff331b900 Exception <a 'java/lang/NoSuchMethodError'{0x000000008bf915a0}: 'java.lang.Object java.lang.invoke.DirectMethodHandle$Holder.invokeInterface(java.lang.Object, java.lang.Object, java.lang.Object)'> (0x000000008bf915a0) 
thrown [s\open\src\hotspot\share\interpreter\linkResolver.cpp, line 796]
Event: 3.441 Thread 0x0000022ff331b900 Exception <a 'java/lang/IncompatibleClassChangeError'{0x000000008bf951c0}: Found class java.lang.Object, but interface was expected> (0x000000008bf951c0) 
thrown [s\open\src\hotspot\share\interpreter\linkResolver.cpp, line 863]
Event: 3.460 Thread 0x0000022ff331b900 Implicit null exception at 0x0000022fc4b05f56 to 0x0000022fc4b05ffa
Event: 3.478 Thread 0x0000022ff331b900 Exception <a 'java/lang/NoSuchMethodError'{0x000000008bdbc078}: 'int java.lang.invoke.DirectMethodHandle$Holder.invokeStatic(java.lang.Object, java.lang.Object, java.lang.Object, java.lang.Object)'> (0x000000008bdbc078) 
thrown [s\open\src\hotspot\share\interpreter\linkResolver.cpp, line 796]
Event: 3.519 Thread 0x0000022ff331b900 Exception <a 'java/lang/NoSuchMethodError'{0x000000008bba1138}: 'java.lang.Object java.lang.invoke.DelegatingMethodHandle$Holder.reinvoke_L(java.lang.Object, java.lang.Object, java.lang.Object, java.lang.Object, java.lang.Object, java.lang.Object, java.lang.Object, java.lang.Object, java.lang.Object, java.lang.Object, java.lang.Object, java.lang.Object, java.lang.Object, java.lang.Object, java.lang.Object, java.lang.Object, java.lang.Object, java.lang.Object, java.lang.Object, java.lang.Object, java.lang.O
Event: 3.522 Thread 0x0000022ff331b900 Exception <a 'java/lang/NoSuchMethodError'{0x000000008ba0ec58}: 'java.lang.Object java.lang.invoke.DirectMethodHandle$Holder.invokeStatic(java.lang.Object, java.lang.Object, java.lang.Object, java.lang.Object, java.lang.Object, java.lang.Object, java.lang.Object, java.lang.Object, java.lang.Object, java.lang.Object, java.lang.Object, java.lang.Object, java.lang.Object, java.lang.Object, java.lang.Object, java.lang.Object, java.lang.Object)'> (0x000000008ba0ec58) 
thrown [s\open\src\hotspot\share\interprete
Event: 3.524 Thread 0x0000022ff331b900 Exception <a 'java/lang/NoSuchMethodError'{0x000000008ba37a00}: 'java.lang.Object java.lang.invoke.DirectMethodHandle$Holder.invokeStatic(java.lang.Object, java.lang.Object, java.lang.Object, java.lang.Object, java.lang.Object, java.lang.Object, java.lang.Object, java.lang.Object, java.lang.Object, java.lang.Object, java.lang.Object, java.lang.Object, java.lang.Object, java.lang.Object, java.lang.Object, java.lang.Object, java.lang.Object, java.lang.Object)'> (0x000000008ba37a00) 
thrown [s\open\src\hotspo
Event: 3.525 Thread 0x0000022ff331b900 Exception <a 'java/lang/NoSuchMethodError'{0x000000008ba61ce8}: 'java.lang.Object java.lang.invoke.DirectMethodHandle$Holder.invokeStatic(java.lang.Object, java.lang.Object, java.lang.Object, java.lang.Object, java.lang.Object, java.lang.Object, java.lang.Object, java.lang.Object, java.lang.Object, java.lang.Object, java.lang.Object, java.lang.Object, java.lang.Object, java.lang.Object, java.lang.Object, java.lang.Object, java.lang.Object, java.lang.Object, java.lang.Object)'> (0x000000008ba61ce8) 
thrown 
Event: 3.526 Thread 0x0000022ff331b900 Exception <a 'java/lang/NoSuchMethodError'{0x000000008ba8d488}: 'java.lang.Object java.lang.invoke.DirectMethodHandle$Holder.invokeStatic(java.lang.Object, java.lang.Object, java.lang.Object, java.lang.Object, java.lang.Object, java.lang.Object, java.lang.Object, java.lang.Object, java.lang.Object, java.lang.Object, java.lang.Object, java.lang.Object, java.lang.Object, java.lang.Object, java.lang.Object, java.lang.Object, java.lang.Object, java.lang.Object, java.lang.Object, java.lang.Object)'> (0x00000000
Event: 3.528 Thread 0x0000022ff331b900 Exception <a 'java/lang/NoSuchMethodError'{0x000000008bab9ba0}: 'java.lang.Object java.lang.invoke.DirectMethodHandle$Holder.invokeStatic(java.lang.Object, java.lang.Object, java.lang.Object, java.lang.Object, java.lang.Object, java.lang.Object, java.lang.Object, java.lang.Object, java.lang.Object, java.lang.Object, java.lang.Object, java.lang.Object, java.lang.Object, java.lang.Object, java.lang.Object, java.lang.Object, java.lang.Object, java.lang.Object, java.lang.Object, java.lang.Object, java.lang.Obj
Event: 3.530 Thread 0x0000022ff331b900 Exception <a 'java/lang/NoSuchMethodError'{0x000000008bae7640}: 'java.lang.Object java.lang.invoke.DirectMethodHandle$Holder.invokeStatic(java.lang.Object, java.lang.Object, java.lang.Object, java.lang.Object, java.lang.Object, java.lang.Object, java.lang.Object, java.lang.Object, java.lang.Object, java.lang.Object, java.lang.Object, java.lang.Object, java.lang.Object, java.lang.Object, java.lang.Object, java.lang.Object, java.lang.Object, java.lang.Object, java.lang.Object, java.lang.Object, java.lang.Obj
Event: 3.532 Thread 0x0000022ff331b900 Exception <a 'java/lang/NoSuchMethodError'{0x000000008b915b80}: 'java.lang.Object java.lang.invoke.DirectMethodHandle$Holder.invokeStatic(java.lang.Object, java.lang.Object, java.lang.Object, java.lang.Object, java.lang.Object, java.lang.Object, java.lang.Object, java.lang.Object, java.lang.Object, java.lang.Object, java.lang.Object, java.lang.Object, java.lang.Object, java.lang.Object, java.lang.Object, java.lang.Object, java.lang.Object, java.lang.Object, java.lang.Object, java.lang.Object, java.lang.Obj
Event: 3.534 Thread 0x0000022ff331b900 Exception <a 'java/lang/NoSuchMethodError'{0x000000008b945b40}: 'java.lang.Object java.lang.invoke.DirectMethodHandle$Holder.invokeStatic(java.lang.Object, java.lang.Object, java.lang.Object, java.lang.Object, java.lang.Object, java.lang.Object, java.lang.Object, java.lang.Object, java.lang.Object, java.lang.Object, java.lang.Object, java.lang.Object, java.lang.Object, java.lang.Object, java.lang.Object, java.lang.Object, java.lang.Object, java.lang.Object, java.lang.Object, java.lang.Object, java.lang.Obj
Event: 3.535 Thread 0x0000022ff331b900 Exception <a 'java/lang/NoSuchMethodError'{0x000000008b975970}: 'java.lang.Object java.lang.invoke.DirectMethodHandle$Holder.invokeStatic(java.lang.Object, java.lang.Object, java.lang.Object, java.lang.Object, java.lang.Object, java.lang.Object, java.lang.Object, java.lang.Object, java.lang.Object, java.lang.Object, java.lang.Object, java.lang.Object, java.lang.Object, java.lang.Object, java.lang.Object, java.lang.Object, java.lang.Object, java.lang.Object, java.lang.Object, java.lang.Object, java.lang.Obj
Event: 3.538 Thread 0x0000022ff331b900 Exception <a 'java/lang/NoSuchMethodError'{0x000000008b9a76e0}: 'java.lang.Object java.lang.invoke.DirectMethodHandle$Holder.invokeStatic(java.lang.Object, java.lang.Object, java.lang.Object, java.lang.Object, java.lang.Object, java.lang.Object, java.lang.Object, java.lang.Object, java.lang.Object, java.lang.Object, java.lang.Object, java.lang.Object, java.lang.Object, java.lang.Object, java.lang.Object, java.lang.Object, java.lang.Object, java.lang.Object, java.lang.Object, java.lang.Object, java.lang.Obj
Event: 3.687 Thread 0x0000022ff331b900 Exception <a 'java/lang/IncompatibleClassChangeError'{0x000000008f699900}: Found class java.lang.Object, but interface was expected> (0x000000008f699900) 
thrown [s\open\src\hotspot\share\interpreter\linkResolver.cpp, line 863]
Event: 3.690 Thread 0x0000022ff331b900 Exception <a 'java/lang/NoSuchMethodError'{0x000000008f6c55b8}: 'java.lang.Object java.lang.invoke.DirectMethodHandle$Holder.newInvokeSpecial(java.lang.Object, java.lang.Object, java.lang.Object, java.lang.Object, java.lang.Object, java.lang.Object, java.lang.Object, java.lang.Object, java.lang.Object, java.lang.Object)'> (0x000000008f6c55b8) 
thrown [s\open\src\hotspot\share\interpreter\linkResolver.cpp, line 796]
Event: 3.709 Thread 0x0000022ff331b900 Exception <a 'java/lang/NoSuchMethodError'{0x000000008f5ee290}: 'java.lang.Object java.lang.invoke.DirectMethodHandle$Holder.newInvokeSpecial(java.lang.Object, java.lang.Object, java.lang.Object, java.lang.Object, java.lang.Object, java.lang.Object, java.lang.Object, java.lang.Object)'> (0x000000008f5ee290) 
thrown [s\open\src\hotspot\share\interpreter\linkResolver.cpp, line 796]
Event: 3.717 Thread 0x0000022ff331b900 Exception <a 'java/lang/NoSuchMethodError'{0x000000008f475a30}: 'int java.lang.invoke.DirectMethodHandle$Holder.invokeStaticInit(java.lang.Object, java.lang.Object, java.lang.Object)'> (0x000000008f475a30) 
thrown [s\open\src\hotspot\share\interpreter\linkResolver.cpp, line 796]

VM Operations (20 events):
Event: 2.393 Executing VM operation: HandshakeAllThreads (Deoptimize)
Event: 2.393 Executing VM operation: HandshakeAllThreads (Deoptimize) done
Event: 2.415 Executing VM operation: HandshakeAllThreads (Deoptimize)
Event: 2.415 Executing VM operation: HandshakeAllThreads (Deoptimize) done
Event: 2.433 Executing VM operation: HandshakeAllThreads (Deoptimize)
Event: 2.433 Executing VM operation: HandshakeAllThreads (Deoptimize) done
Event: 2.463 Executing VM operation: HandshakeAllThreads (Deoptimize)
Event: 2.463 Executing VM operation: HandshakeAllThreads (Deoptimize) done
Event: 2.492 Executing VM operation: HandshakeAllThreads (Deoptimize)
Event: 2.493 Executing VM operation: HandshakeAllThreads (Deoptimize) done
Event: 2.609 Executing VM operation: HandshakeAllThreads (Deoptimize)
Event: 2.609 Executing VM operation: HandshakeAllThreads (Deoptimize) done
Event: 2.984 Executing VM operation: HandshakeAllThreads (Deoptimize)
Event: 2.985 Executing VM operation: HandshakeAllThreads (Deoptimize) done
Event: 3.546 Executing VM operation: HandshakeAllThreads (Deoptimize)
Event: 3.546 Executing VM operation: HandshakeAllThreads (Deoptimize) done
Event: 3.547 Executing VM operation: HandshakeAllThreads (Deoptimize)
Event: 3.547 Executing VM operation: HandshakeAllThreads (Deoptimize) done
Event: 3.607 Executing VM operation: G1CollectForAllocation (G1 Evacuation Pause)
Event: 3.612 Executing VM operation: G1CollectForAllocation (G1 Evacuation Pause) done

Memory protections (0 events):
No events

Nmethod flushes (0 events):
No events

Events (20 events):
Event: 2.172 Thread 0x0000022fd236f5a0 Thread exited: 0x0000022fd236f5a0
Event: 2.226 Thread 0x0000022fd236eee0 Thread added: 0x0000022fd2743bb0
Event: 2.226 Thread 0x0000022fd236eee0 Thread added: 0x0000022ff2fe08c0
Event: 2.394 Thread 0x0000022fb24cd790 Thread added: 0x0000022ff31afd30
Event: 2.534 Thread 0x0000022fb24cd790 Thread added: 0x0000022ff32cfaa0
Event: 2.603 Thread 0x0000022fb24cd790 Thread added: 0x0000022ff331c620
Event: 2.645 Thread 0x0000022ff32cfaa0 Thread added: 0x0000022ff331ed80
Event: 2.648 Thread 0x0000022ff331ed80 Thread added: 0x0000022ff331e060
Event: 2.678 Thread 0x0000022ff331ed80 Thread added: 0x0000022ff331ccb0
Event: 2.683 Thread 0x0000022ff331ed80 Thread added: 0x0000022ff331b900
Event: 2.696 Thread 0x0000022ff331b900 Thread added: 0x0000022ff331bf90
Event: 2.701 Thread 0x0000022ff331b900 Thread added: 0x0000022ff331e6f0
Event: 2.702 Thread 0x0000022ff331b900 Thread added: 0x0000022ff331d340
Event: 2.985 Thread 0x0000022ff331b900 Thread added: 0x0000022ff3621230
Event: 2.992 Thread 0x0000022ff331b900 Thread added: 0x0000022ff3620510
Event: 3.312 Thread 0x0000022fd268ff60 Thread exited: 0x0000022fd268ff60
Event: 3.375 Thread 0x0000022ff331b900 Thread added: 0x0000022ff3623990
Event: 3.471 Thread 0x0000022ff3620510 Thread added: 0x0000022ff3624020
Event: 3.522 Thread 0x0000022fd15d9d10 Thread added: 0x0000022ff4a218a0
Event: 4.753 Thread 0x0000022ff2fe08c0 Thread exited: 0x0000022ff2fe08c0


Dynamic libraries:
0x00007ff777320000 - 0x00007ff777330000 	C:\Program Files\Java\jdk-23\bin\java.exe
0x00007fff220a0000 - 0x00007fff22303000 	C:\WINDOWS\SYSTEM32\ntdll.dll
0x00007fff1fec0000 - 0x00007fff1ff87000 	C:\WINDOWS\System32\KERNEL32.DLL
0x00007fff1f840000 - 0x00007fff1fc09000 	C:\WINDOWS\System32\KERNELBASE.dll
0x00007fff1f4a0000 - 0x00007fff1f5ec000 	C:\WINDOWS\System32\ucrtbase.dll
0x00007fff0aa90000 - 0x00007fff0aaa7000 	C:\Program Files\Java\jdk-23\bin\jli.dll
0x00007ffefe100000 - 0x00007ffefe11b000 	C:\Program Files\Java\jdk-23\bin\VCRUNTIME140.dll
0x00007fff20910000 - 0x00007fff20ada000 	C:\WINDOWS\System32\USER32.dll
0x00007fff1f5f0000 - 0x00007fff1f617000 	C:\WINDOWS\System32\win32u.dll
0x00007ffeff370000 - 0x00007ffeff600000 	C:\WINDOWS\WinSxS\amd64_microsoft.windows.common-controls_6595b64144ccf1df_6.0.26100.3323_none_3e088096e3344490\COMCTL32.dll
0x00007fff21770000 - 0x00007fff21819000 	C:\WINDOWS\System32\msvcrt.dll
0x00007fff21bc0000 - 0x00007fff21bea000 	C:\WINDOWS\System32\GDI32.dll
0x00007fff1f360000 - 0x00007fff1f491000 	C:\WINDOWS\System32\gdi32full.dll
0x00007fff1fd80000 - 0x00007fff1fe23000 	C:\WINDOWS\System32\msvcp_win.dll
0x00007fff20b40000 - 0x00007fff20b6f000 	C:\WINDOWS\System32\IMM32.DLL
0x00007fff0aa70000 - 0x00007fff0aa7c000 	C:\Program Files\Java\jdk-23\bin\vcruntime140_1.dll
0x00007ffefded0000 - 0x00007ffefdf5e000 	C:\Program Files\Java\jdk-23\bin\msvcp140.dll
0x00007ffec73d0000 - 0x00007ffec811f000 	C:\Program Files\Java\jdk-23\bin\server\jvm.dll
0x00007fff21bf0000 - 0x00007fff21ca2000 	C:\WINDOWS\System32\ADVAPI32.dll
0x00007fff1ff90000 - 0x00007fff20036000 	C:\WINDOWS\System32\sechost.dll
0x00007fff20110000 - 0x00007fff20226000 	C:\WINDOWS\System32\RPCRT4.dll
0x00007fff21f50000 - 0x00007fff21fc4000 	C:\WINDOWS\System32\WS2_32.dll
0x00007fff1df30000 - 0x00007fff1df7e000 	C:\WINDOWS\SYSTEM32\POWRPROF.dll
0x00007fff13070000 - 0x00007fff130a6000 	C:\WINDOWS\SYSTEM32\WINMM.dll
0x00007fff10610000 - 0x00007fff1061b000 	C:\WINDOWS\SYSTEM32\VERSION.dll
0x00007fff1df10000 - 0x00007fff1df24000 	C:\WINDOWS\SYSTEM32\UMPDC.dll
0x00007fff1e1d0000 - 0x00007fff1e1ea000 	C:\WINDOWS\SYSTEM32\kernel.appcore.dll
0x00007fff08c90000 - 0x00007fff08c9a000 	C:\Program Files\Java\jdk-23\bin\jimage.dll
0x00007fff1cc30000 - 0x00007fff1ce71000 	C:\WINDOWS\SYSTEM32\DBGHELP.DLL
0x00007fff21830000 - 0x00007fff21bb2000 	C:\WINDOWS\System32\combase.dll
0x00007fff20b80000 - 0x00007fff20c56000 	C:\WINDOWS\System32\OLEAUT32.dll
0x00007ffefcf60000 - 0x00007ffefcf99000 	C:\WINDOWS\SYSTEM32\dbgcore.DLL
0x00007fff1f620000 - 0x00007fff1f6b9000 	C:\WINDOWS\System32\bcryptPrimitives.dll
0x00007ffeee560000 - 0x00007ffeee56f000 	C:\Program Files\Java\jdk-23\bin\instrument.dll
0x00007ffefe0a0000 - 0x00007ffefe0be000 	C:\Program Files\Java\jdk-23\bin\java.dll
0x00007fff20d10000 - 0x00007fff20ea5000 	C:\WINDOWS\System32\ole32.dll
0x00007fff21010000 - 0x00007fff21725000 	C:\WINDOWS\System32\SHELL32.dll
0x00007fff1fc10000 - 0x00007fff1fd78000 	C:\WINDOWS\System32\wintypes.dll
0x00007fff1cfa0000 - 0x00007fff1d7e5000 	C:\WINDOWS\SYSTEM32\windows.storage.dll
0x00007fff21d60000 - 0x00007fff21e4b000 	C:\WINDOWS\System32\SHCORE.dll
0x00007fff20ae0000 - 0x00007fff20b3d000 	C:\WINDOWS\System32\shlwapi.dll
0x00007fff1f1b0000 - 0x00007fff1f1df000 	C:\WINDOWS\SYSTEM32\profapi.dll
0x00007ffeee5e0000 - 0x00007ffeee6b7000 	C:\Program Files\Java\jdk-23\bin\jsvml.dll
0x00007ffefe060000 - 0x00007ffefe077000 	C:\Program Files\Java\jdk-23\bin\zip.dll
0x00007fff08bf0000 - 0x00007fff08c00000 	C:\Program Files\Java\jdk-23\bin\net.dll
0x00007fff1e6f0000 - 0x00007fff1e75a000 	C:\WINDOWS\system32\mswsock.dll
0x00007ffefe080000 - 0x00007ffefe096000 	C:\Program Files\Java\jdk-23\bin\nio.dll
0x00007ffef1f90000 - 0x00007ffef1fa0000 	C:\Program Files\Java\jdk-23\bin\verify.dll
0x00007ffef1f60000 - 0x00007ffef1f87000 	C:\Users\sahil\.gradle\native\c067742578af261105cb4f569cf0c3c89f3d7b1fecec35dd04571415982c5e48\windows-amd64\native-platform.dll
0x00007ffee9560000 - 0x00007ffee96a4000 	C:\Users\sahil\.gradle\native\100fb08df4bc3b14c8652ba06237920a3bd2aa13389f12d3474272988ae205f9\windows-amd64\native-platform-file-events.dll
0x00007ffeef260000 - 0x00007ffeef26a000 	C:\Program Files\Java\jdk-23\bin\management.dll
0x00007ffeef250000 - 0x00007ffeef25b000 	C:\Program Files\Java\jdk-23\bin\management_ext.dll
0x00007fff20470000 - 0x00007fff20478000 	C:\WINDOWS\System32\PSAPI.DLL
0x00007fff1e990000 - 0x00007fff1e9ac000 	C:\WINDOWS\SYSTEM32\CRYPTSP.dll
0x00007fff1e130000 - 0x00007fff1e16a000 	C:\WINDOWS\system32\rsaenh.dll
0x00007fff1e790000 - 0x00007fff1e7bb000 	C:\WINDOWS\SYSTEM32\USERENV.dll
0x00007fff1ebd0000 - 0x00007fff1ebf6000 	C:\WINDOWS\SYSTEM32\bcrypt.dll
0x00007fff1e9b0000 - 0x00007fff1e9bc000 	C:\WINDOWS\SYSTEM32\CRYPTBASE.dll
0x00007fff1db70000 - 0x00007fff1dba3000 	C:\WINDOWS\SYSTEM32\IPHLPAPI.DLL
0x00007fff21730000 - 0x00007fff2173a000 	C:\WINDOWS\System32\NSI.dll
0x00007ffeee570000 - 0x00007ffeee579000 	C:\Program Files\Java\jdk-23\bin\extnet.dll
0x00007ffeee550000 - 0x00007ffeee55e000 	C:\Program Files\Java\jdk-23\bin\sunmscapi.dll
0x00007fff1f6c0000 - 0x00007fff1f837000 	C:\WINDOWS\System32\CRYPT32.dll
0x00007fff1eb90000 - 0x00007fff1ebc0000 	C:\WINDOWS\SYSTEM32\ncrypt.dll
0x00007fff1eb40000 - 0x00007fff1eb7f000 	C:\WINDOWS\SYSTEM32\NTASN1.dll
0x00007fff09c30000 - 0x00007fff09c38000 	C:\WINDOWS\system32\wshunix.dll

dbghelp: loaded successfully - version: 4.0.5 - missing functions: none
symbol engine: initialized successfully - sym options: 0x614 - pdb path: .;C:\Program Files\Java\jdk-23\bin;C:\WINDOWS\SYSTEM32;C:\WINDOWS\WinSxS\amd64_microsoft.windows.common-controls_6595b64144ccf1df_6.0.26100.3323_none_3e088096e3344490;C:\Program Files\Java\jdk-23\bin\server;C:\Users\sahil\.gradle\native\c067742578af261105cb4f569cf0c3c89f3d7b1fecec35dd04571415982c5e48\windows-amd64;C:\Users\sahil\.gradle\native\100fb08df4bc3b14c8652ba06237920a3bd2aa13389f12d3474272988ae205f9\windows-amd64

VM Arguments:
jvm_args: -XX:MaxMetaspaceSize=512m --add-opens=java.base/java.util=ALL-UNNAMED --add-opens=java.base/java.lang=ALL-UNNAMED --add-opens=java.base/java.lang.invoke=ALL-UNNAMED --add-opens=java.prefs/java.util.prefs=ALL-UNNAMED --add-exports=jdk.compiler/com.sun.tools.javac.api=ALL-UNNAMED --add-exports=jdk.compiler/com.sun.tools.javac.util=ALL-UNNAMED --add-opens=java.base/java.nio.charset=ALL-UNNAMED --add-opens=java.base/java.net=ALL-UNNAMED --add-opens=java.base/java.util.concurrent.atomic=ALL-UNNAMED -Xmx2048m -Dfile.encoding=UTF-8 -Duser.country=IN -Duser.language=en -Duser.variant -javaagent:C:\Users\sahil\.gradle\wrapper\dists\gradle-8.10.2-all\7iv73wktx1xtkvlq19urqw1wm\gradle-8.10.2\lib\agents\gradle-instrumentation-agent-8.10.2.jar 
java_command: org.gradle.launcher.daemon.bootstrap.GradleDaemon 8.10.2
java_class_path (initial): C:\Users\sahil\.gradle\wrapper\dists\gradle-8.10.2-all\7iv73wktx1xtkvlq19urqw1wm\gradle-8.10.2\lib\gradle-daemon-main-8.10.2.jar
Launcher Type: SUN_STANDARD

[Global flags]
     intx CICompilerCount                          = 12                                        {product} {ergonomic}
   size_t CompressedClassSpaceSize                 = 436207616                                 {product} {ergonomic}
     uint ConcGCThreads                            = 3                                         {product} {ergonomic}
     uint G1ConcRefinementThreads                  = 13                                        {product} {ergonomic}
   size_t G1HeapRegionSize                         = 1048576                                   {product} {ergonomic}
   size_t InitialHeapSize                          = 264241152                                 {product} {ergonomic}
   size_t MarkStackSize                            = 4194304                                   {product} {ergonomic}
   size_t MarkStackSizeMax                         = 536870912                                 {product} {ergonomic}
   size_t MaxHeapSize                              = 2147483648                                {product} {command line}
   size_t MaxMetaspaceSize                         = 536870912                                 {product} {command line}
   size_t MaxNewSize                               = 1287651328                                {product} {ergonomic}
   size_t MinHeapDeltaBytes                        = 1048576                                   {product} {ergonomic}
   size_t MinHeapSize                              = 8388608                                   {product} {ergonomic}
    uintx NonNMethodCodeHeapSize                   = 7602176                                {pd product} {ergonomic}
    uintx NonProfiledCodeHeapSize                  = 122093568                              {pd product} {ergonomic}
    uintx ProfiledCodeHeapSize                     = 121962496                              {pd product} {ergonomic}
    uintx ReservedCodeCacheSize                    = 251658240                              {pd product} {ergonomic}
     bool SegmentedCodeCache                       = true                                      {product} {ergonomic}
   size_t SoftMaxHeapSize                          = 2147483648                             {manageable} {ergonomic}
     bool UseCompressedOops                        = true                           {product lp64_product} {ergonomic}
     bool UseG1GC                                  = true                                      {product} {ergonomic}
     bool UseLargePagesIndividualAllocation        = false                                  {pd product} {ergonomic}

Logging:
Log output configuration:
 #0: stdout all=warning uptime,level,tags foldmultilines=false
 #1: stderr all=off uptime,level,tags foldmultilines=false

Environment Variables:
JAVA_HOME=C:\Program Files\Java\jdk-23
CLASSPATH=D:\coding\ReactNative\PasswordGenrator\android\\gradle\wrapper\gradle-wrapper.jar
PATH=D:\coding\ReactNative\PasswordGenrator\node_modules\.bin;D:\coding\ReactNative\PasswordGenrator\node_modules\.bin;D:\coding\ReactNative\node_modules\.bin;D:\coding\node_modules\.bin;D:\node_modules\.bin;C:\Program Files\nodejs\node_modules\npm\node_modules\@npmcli\run-script\lib\node-gyp-bin;D:\coding\ReactNative\PasswordGenrator\node_modules\.bin;D:\coding\ReactNative\PasswordGenrator\node_modules\.bin;D:\coding\ReactNative\node_modules\.bin;D:\coding\node_modules\.bin;D:\node_modules\.bin;C:\Program Files\nodejs\node_modules\npm\node_modules\@npmcli\run-script\lib\node-gyp-bin;C:\Program Files\Git\mingw64\bin;C:\Program Files\Git\usr\bin;C:\Users\sahil\bin;C:\Program Files\Common Files\Oracle\Java\javapath;C:\Windows\system32;C:\Windows;C:\Windows\System32\Wbem;C:\Windows\System32\WindowsPowerShell\v1.0;C:\Windows\System32\OpenSSH;C:\Program Files\dotnet;C:\Program Files (x86)\NVIDIA Corporation\PhysX\Common;C:\WINDOWS\system32;C:\WINDOWS;C:\WINDOWS\System32\Wbem;C:\WINDOWS\System32\WindowsPowerShell\v1.0;C:\WINDOWS\System32\OpenSSH;C:\Program Files\nodejs;C:\Program Files\nodejs\node_modules\npm\bin;C:\Program Files\MySQL\MySQL Workbench 8.0;C:\Program Files (x86)\Microsoft SQL Server\160\Tools\Binn;C:\Program Files\Microsoft SQL Server\160\Tools\Binn;C:\Program Files\Microsoft SQL Server\Client SDK\ODBC\170\Tools\Binn;C:\Program Files\Microsoft SQL Server\160\DTS\Binn;C:\Program Files (x86)\Microsoft SQL Server\160\DTS\Binn;C:\Program Files\Java\jdk-23\bin;C:\Users\sahil\AppData\Local\Android\Sdk;C:\Users\sahil\AppData\Local\Android\Sdk\platform-tools;C:\xampp\php;C:\ProgramData\ComposerSetup\bin;C:\Program Files\Git\cmd;C:\Users\sahil\AppData\Local\Programs\Python\Python311;C:\Users\sahil\AppData\Local\Programs\Python\Python311\Scripts;C:\Users\sahil\AppData\Roaming\npm\node_modules;C:\Program Files\NVIDIA Corporation\NVIDIA app\NvDLISR;C:\Users\sahil\AppData\Local\Programs\Python\Python311;C:\Program Files\NVIDIA GPU Computing Toolkit\CUDA\v12.8\bin;C:\Program Files\NVIDIA GPU Computing Toolkit\CUDA\v12.8\libnvvp;C:\Program Files\Common Files\Oracle\Java\javapath;C:\Windows\system32;C:\Windows;C:\Windows\System32\Wbem;C:\Windows\System32\WindowsPowerShell\v1.0;C:\Windows\System32\OpenSSH;C:\Program Files\dotnet;C:\Program Files (x86)\NVIDIA Corporation\PhysX\Common;C:\WINDOWS\system32;C:\WINDOWS;C:\WINDOWS\System32\Wbem;C:\WINDOWS\System32\WindowsPowerShell\v1.0;C:\WINDOWS\System32\OpenSSH;C:\Program Files\nodejs;C:\Program Files\nodejs\node_modules\npm\bin;C:\Program Files\MySQL\MySQL Workbench 8.0;C:\Program Files (x86)\Microsoft SQL Server\160\Tools\Binn;C:\Program Files\Microsoft SQL Server\160\Tools\Binn;C:\Program Files\Microsoft SQL Server\Client SDK\ODBC\170\Tools\Binn;C:\Program Files\Microsoft SQL Server\160\DTS\Binn;C:\Program Files (x86)\Microsoft SQL Server\160\DTS\Binn;C:\Program Files\Java\jdk-23\bin;C:\Users\sa;C:\Users\sahil\AppData\Local\Programs\Microsoft VS Code\bin
USERNAME=sahil
LANG=en_US.UTF-8
TERM=xterm-256color
OS=Windows_NT
PROCESSOR_IDENTIFIER=Intel64 Family 6 Model 154 Stepping 3, GenuineIntel
TMP=C:\Users\sahil\AppData\Local\Temp
TEMP=C:\Users\sahil\AppData\Local\Temp




Periodic native trim disabled

---------------  S Y S T E M  ---------------

OS:
 Windows 11 , 64 bit Build 26100 (10.0.26100.3323)
OS uptime: 0 days 0:09 hours
Hyper-V role detected

CPU: total 16 (initial active 16) (8 cores per cpu, 2 threads per core) family 6 model 154 stepping 3 microcode 0x435, cx8, cmov, fxsr, ht, mmx, 3dnowpref, sse, sse2, sse3, ssse3, sse4.1, sse4.2, popcnt, lzcnt, tsc, tscinvbit, avx, avx2, aes, erms, clmul, bmi1, bmi2, adx, sha, fma, vzeroupper, clflush, clflushopt, clwb, hv, serialize, rdtscp, rdpid, fsrm, gfni, f16c, cet_ibt, cet_ss
Processor Information for processor 0
  Max Mhz: 2500, Current Mhz: 2500, Mhz Limit: 2500
Processor Information for processor 1
  Max Mhz: 2500, Current Mhz: 2500, Mhz Limit: 2500
Processor Information for processor 2
  Max Mhz: 2500, Current Mhz: 2500, Mhz Limit: 2500
Processor Information for processor 3
  Max Mhz: 2500, Current Mhz: 2500, Mhz Limit: 2500
Processor Information for processor 4
  Max Mhz: 2500, Current Mhz: 2500, Mhz Limit: 2500
Processor Information for processor 5
  Max Mhz: 2500, Current Mhz: 2500, Mhz Limit: 2500
Processor Information for processor 6
  Max Mhz: 2500, Current Mhz: 2500, Mhz Limit: 2500
Processor Information for processor 7
  Max Mhz: 2500, Current Mhz: 2500, Mhz Limit: 2500
Processor Information for processor 8
  Max Mhz: 2500, Current Mhz: 2500, Mhz Limit: 2500
Processor Information for processor 9
  Max Mhz: 2500, Current Mhz: 1527, Mhz Limit: 2500
Processor Information for processor 10
  Max Mhz: 2500, Current Mhz: 2500, Mhz Limit: 2500
Processor Information for processor 11
  Max Mhz: 2500, Current Mhz: 2500, Mhz Limit: 2500
Processor Information for processor 12
  Max Mhz: 2500, Current Mhz: 2500, Mhz Limit: 2500
Processor Information for processor 13
  Max Mhz: 2500, Current Mhz: 1527, Mhz Limit: 2500
Processor Information for processor 14
  Max Mhz: 2500, Current Mhz: 2500, Mhz Limit: 2500
Processor Information for processor 15
  Max Mhz: 2500, Current Mhz: 2500, Mhz Limit: 2500

Memory: 4k page, system-wide physical 16068M (1567M free)
TotalPageFile size 16068M (AvailPageFile size 2M)
current process WorkingSet (physical memory assigned to process): 234M, peak: 237M
current process commit charge ("private bytes"): 454M, peak: 457M

vm_info: Java HotSpot(TM) 64-Bit Server VM (23.0.1+11-39) for windows-amd64 JRE (23.0.1+11-39), built on 2024-09-30T07:20:43Z with MS VC++ 17.6 (VS2022)

END.
